2024-04-14 13:05:29,603 [Worker-1: Loading available Gradle versions] INFO  o.e.b.c.i.u.g.PublishedGradleVersions - Gradle version information cache is up-to-date. Trying to read.
2024-04-14 13:06:07,492 [ModalContext] INFO  o.e.m.c.i.e.AbstractTransferListenerAdapter - Downloading https://repo.maven.apache.org/maven2/org/apache/maven/archetypes/maven-archetype-bundles/4/maven-archetype-bundles-4.pom
2024-04-14 13:06:07,521 [ModalContext] INFO  o.e.m.c.i.e.AbstractTransferListenerAdapter - Downloaded https://repo.maven.apache.org/maven2/org/apache/maven/archetypes/maven-archetype-bundles/4/maven-archetype-bundles-4.pom
2024-04-14 13:06:07,544 [ModalContext] INFO  o.e.m.c.i.e.AbstractTransferListenerAdapter - Downloading https://repo.maven.apache.org/maven2/org/apache/maven/archetype/maven-archetype/2.0-alpha-5/maven-archetype-2.0-alpha-5.pom
2024-04-14 13:06:07,572 [ModalContext] INFO  o.e.m.c.i.e.AbstractTransferListenerAdapter - Downloaded https://repo.maven.apache.org/maven2/org/apache/maven/archetype/maven-archetype/2.0-alpha-5/maven-archetype-2.0-alpha-5.pom
2024-04-14 13:06:07,593 [ModalContext] INFO  o.e.m.c.i.e.AbstractTransferListenerAdapter - Downloading https://repo.maven.apache.org/maven2/org/apache/maven/maven-parent/16/maven-parent-16.pom
2024-04-14 13:06:07,615 [ModalContext] INFO  o.e.m.c.i.e.AbstractTransferListenerAdapter - Downloaded https://repo.maven.apache.org/maven2/org/apache/maven/maven-parent/16/maven-parent-16.pom
2024-04-14 13:06:21,523 [Worker-5: Launching mavenrun-906bc5c2-63b0-46ef-928a-eac66813e61c] INFO  o.eclipse.m2e.core.internal.Bundles - getClasspathEntries(Bundle=org.eclipse.m2e.maven.runtime_3.9.600.20231203-1234 [635])
2024-04-14 13:06:21,525 [Worker-5: Launching mavenrun-906bc5c2-63b0-46ef-928a-eac66813e61c] INFO  o.eclipse.m2e.core.internal.Bundles - 	Entry: C:\Users\jdpha\.p2\pool\plugins\org.eclipse.m2e.maven.runtime_3.9.600.20231203-1234
2024-04-14 13:06:21,526 [Worker-5: Launching mavenrun-906bc5c2-63b0-46ef-928a-eac66813e61c] INFO  o.eclipse.m2e.core.internal.Bundles - 	Entry: C:\Users\jdpha\.p2\pool\plugins\org.eclipse.m2e.maven.runtime_3.9.600.20231203-1234\jars\aopalliance-1.0.jar
2024-04-14 13:06:21,526 [Worker-5: Launching mavenrun-906bc5c2-63b0-46ef-928a-eac66813e61c] INFO  o.eclipse.m2e.core.internal.Bundles - 	Entry: C:\Users\jdpha\.p2\pool\plugins\org.eclipse.m2e.maven.runtime_3.9.600.20231203-1234\jars\guice-5.1.0.jar
2024-04-14 13:06:21,526 [Worker-5: Launching mavenrun-906bc5c2-63b0-46ef-928a-eac66813e61c] INFO  o.eclipse.m2e.core.internal.Bundles - 	Entry: C:\Users\jdpha\.p2\pool\plugins\org.eclipse.m2e.maven.runtime_3.9.600.20231203-1234\jars\httpclient-4.5.14.jar
2024-04-14 13:06:21,526 [Worker-5: Launching mavenrun-906bc5c2-63b0-46ef-928a-eac66813e61c] INFO  o.eclipse.m2e.core.internal.Bundles - 	Entry: C:\Users\jdpha\.p2\pool\plugins\org.eclipse.m2e.maven.runtime_3.9.600.20231203-1234\jars\httpcore-4.4.16.jar
2024-04-14 13:06:21,526 [Worker-5: Launching mavenrun-906bc5c2-63b0-46ef-928a-eac66813e61c] INFO  o.eclipse.m2e.core.internal.Bundles - 	Entry: C:\Users\jdpha\.p2\pool\plugins\org.eclipse.m2e.maven.runtime_3.9.600.20231203-1234\jars\jansi-2.4.0.jar
2024-04-14 13:06:21,527 [Worker-5: Launching mavenrun-906bc5c2-63b0-46ef-928a-eac66813e61c] INFO  o.eclipse.m2e.core.internal.Bundles - 	Entry: C:\Users\jdpha\.p2\pool\plugins\org.eclipse.m2e.maven.runtime_3.9.600.20231203-1234\jars\jcl-over-slf4j-1.7.36.jar
2024-04-14 13:06:21,527 [Worker-5: Launching mavenrun-906bc5c2-63b0-46ef-928a-eac66813e61c] INFO  o.eclipse.m2e.core.internal.Bundles - 	Entry: C:\Users\jdpha\.p2\pool\plugins\org.eclipse.m2e.maven.runtime_3.9.600.20231203-1234\jars\maven-artifact-3.9.6.jar
2024-04-14 13:06:21,527 [Worker-5: Launching mavenrun-906bc5c2-63b0-46ef-928a-eac66813e61c] INFO  o.eclipse.m2e.core.internal.Bundles - 	Entry: C:\Users\jdpha\.p2\pool\plugins\org.eclipse.m2e.maven.runtime_3.9.600.20231203-1234\jars\maven-builder-support-3.9.6.jar
2024-04-14 13:06:21,527 [Worker-5: Launching mavenrun-906bc5c2-63b0-46ef-928a-eac66813e61c] INFO  o.eclipse.m2e.core.internal.Bundles - 	Entry: C:\Users\jdpha\.p2\pool\plugins\org.eclipse.m2e.maven.runtime_3.9.600.20231203-1234\jars\maven-compat-3.9.6.jar
2024-04-14 13:06:21,527 [Worker-5: Launching mavenrun-906bc5c2-63b0-46ef-928a-eac66813e61c] INFO  o.eclipse.m2e.core.internal.Bundles - 	Entry: C:\Users\jdpha\.p2\pool\plugins\org.eclipse.m2e.maven.runtime_3.9.600.20231203-1234\jars\maven-core-3.9.6.jar
2024-04-14 13:06:21,528 [Worker-5: Launching mavenrun-906bc5c2-63b0-46ef-928a-eac66813e61c] INFO  o.eclipse.m2e.core.internal.Bundles - 	Entry: C:\Users\jdpha\.p2\pool\plugins\org.eclipse.m2e.maven.runtime_3.9.600.20231203-1234\jars\maven-embedder-3.9.6.jar
2024-04-14 13:06:21,528 [Worker-5: Launching mavenrun-906bc5c2-63b0-46ef-928a-eac66813e61c] INFO  o.eclipse.m2e.core.internal.Bundles - 	Entry: C:\Users\jdpha\.p2\pool\plugins\org.eclipse.m2e.maven.runtime_3.9.600.20231203-1234\jars\maven-model-3.9.6.jar
2024-04-14 13:06:21,528 [Worker-5: Launching mavenrun-906bc5c2-63b0-46ef-928a-eac66813e61c] INFO  o.eclipse.m2e.core.internal.Bundles - 	Entry: C:\Users\jdpha\.p2\pool\plugins\org.eclipse.m2e.maven.runtime_3.9.600.20231203-1234\jars\maven-model-builder-3.9.6.jar
2024-04-14 13:06:21,528 [Worker-5: Launching mavenrun-906bc5c2-63b0-46ef-928a-eac66813e61c] INFO  o.eclipse.m2e.core.internal.Bundles - 	Entry: C:\Users\jdpha\.p2\pool\plugins\org.eclipse.m2e.maven.runtime_3.9.600.20231203-1234\jars\maven-plugin-api-3.9.6.jar
2024-04-14 13:06:21,528 [Worker-5: Launching mavenrun-906bc5c2-63b0-46ef-928a-eac66813e61c] INFO  o.eclipse.m2e.core.internal.Bundles - 	Entry: C:\Users\jdpha\.p2\pool\plugins\org.eclipse.m2e.maven.runtime_3.9.600.20231203-1234\jars\maven-repository-metadata-3.9.6.jar
2024-04-14 13:06:21,529 [Worker-5: Launching mavenrun-906bc5c2-63b0-46ef-928a-eac66813e61c] INFO  o.eclipse.m2e.core.internal.Bundles - 	Entry: C:\Users\jdpha\.p2\pool\plugins\org.eclipse.m2e.maven.runtime_3.9.600.20231203-1234\jars\maven-resolver-api-1.9.18.jar
2024-04-14 13:06:21,529 [Worker-5: Launching mavenrun-906bc5c2-63b0-46ef-928a-eac66813e61c] INFO  o.eclipse.m2e.core.internal.Bundles - 	Entry: C:\Users\jdpha\.p2\pool\plugins\org.eclipse.m2e.maven.runtime_3.9.600.20231203-1234\jars\maven-resolver-connector-basic-1.9.18.jar
2024-04-14 13:06:21,529 [Worker-5: Launching mavenrun-906bc5c2-63b0-46ef-928a-eac66813e61c] INFO  o.eclipse.m2e.core.internal.Bundles - 	Entry: C:\Users\jdpha\.p2\pool\plugins\org.eclipse.m2e.maven.runtime_3.9.600.20231203-1234\jars\maven-resolver-impl-1.9.18.jar
2024-04-14 13:06:21,529 [Worker-5: Launching mavenrun-906bc5c2-63b0-46ef-928a-eac66813e61c] INFO  o.eclipse.m2e.core.internal.Bundles - 	Entry: C:\Users\jdpha\.p2\pool\plugins\org.eclipse.m2e.maven.runtime_3.9.600.20231203-1234\jars\maven-resolver-named-locks-1.9.18.jar
2024-04-14 13:06:21,529 [Worker-5: Launching mavenrun-906bc5c2-63b0-46ef-928a-eac66813e61c] INFO  o.eclipse.m2e.core.internal.Bundles - 	Entry: C:\Users\jdpha\.p2\pool\plugins\org.eclipse.m2e.maven.runtime_3.9.600.20231203-1234\jars\maven-resolver-provider-3.9.6.jar
2024-04-14 13:06:21,530 [Worker-5: Launching mavenrun-906bc5c2-63b0-46ef-928a-eac66813e61c] INFO  o.eclipse.m2e.core.internal.Bundles - 	Entry: C:\Users\jdpha\.p2\pool\plugins\org.eclipse.m2e.maven.runtime_3.9.600.20231203-1234\jars\maven-resolver-spi-1.9.18.jar
2024-04-14 13:06:21,530 [Worker-5: Launching mavenrun-906bc5c2-63b0-46ef-928a-eac66813e61c] INFO  o.eclipse.m2e.core.internal.Bundles - 	Entry: C:\Users\jdpha\.p2\pool\plugins\org.eclipse.m2e.maven.runtime_3.9.600.20231203-1234\jars\maven-resolver-transport-file-1.9.18.jar
2024-04-14 13:06:21,530 [Worker-5: Launching mavenrun-906bc5c2-63b0-46ef-928a-eac66813e61c] INFO  o.eclipse.m2e.core.internal.Bundles - 	Entry: C:\Users\jdpha\.p2\pool\plugins\org.eclipse.m2e.maven.runtime_3.9.600.20231203-1234\jars\maven-resolver-transport-http-1.9.18.jar
2024-04-14 13:06:21,530 [Worker-5: Launching mavenrun-906bc5c2-63b0-46ef-928a-eac66813e61c] INFO  o.eclipse.m2e.core.internal.Bundles - 	Entry: C:\Users\jdpha\.p2\pool\plugins\org.eclipse.m2e.maven.runtime_3.9.600.20231203-1234\jars\maven-resolver-transport-wagon-1.9.18.jar
2024-04-14 13:06:21,530 [Worker-5: Launching mavenrun-906bc5c2-63b0-46ef-928a-eac66813e61c] INFO  o.eclipse.m2e.core.internal.Bundles - 	Entry: C:\Users\jdpha\.p2\pool\plugins\org.eclipse.m2e.maven.runtime_3.9.600.20231203-1234\jars\maven-resolver-util-1.9.18.jar
2024-04-14 13:06:21,531 [Worker-5: Launching mavenrun-906bc5c2-63b0-46ef-928a-eac66813e61c] INFO  o.eclipse.m2e.core.internal.Bundles - 	Entry: C:\Users\jdpha\.p2\pool\plugins\org.eclipse.m2e.maven.runtime_3.9.600.20231203-1234\jars\maven-settings-3.9.6.jar
2024-04-14 13:06:21,531 [Worker-5: Launching mavenrun-906bc5c2-63b0-46ef-928a-eac66813e61c] INFO  o.eclipse.m2e.core.internal.Bundles - 	Entry: C:\Users\jdpha\.p2\pool\plugins\org.eclipse.m2e.maven.runtime_3.9.600.20231203-1234\jars\maven-settings-builder-3.9.6.jar
2024-04-14 13:06:21,531 [Worker-5: Launching mavenrun-906bc5c2-63b0-46ef-928a-eac66813e61c] INFO  o.eclipse.m2e.core.internal.Bundles - 	Entry: C:\Users\jdpha\.p2\pool\plugins\org.eclipse.m2e.maven.runtime_3.9.600.20231203-1234\jars\maven-shared-utils-3.3.4.jar
2024-04-14 13:06:21,531 [Worker-5: Launching mavenrun-906bc5c2-63b0-46ef-928a-eac66813e61c] INFO  o.eclipse.m2e.core.internal.Bundles - 	Entry: C:\Users\jdpha\.p2\pool\plugins\org.eclipse.m2e.maven.runtime_3.9.600.20231203-1234\jars\org.eclipse.sisu.inject-0.9.0.M2.jar
2024-04-14 13:06:21,531 [Worker-5: Launching mavenrun-906bc5c2-63b0-46ef-928a-eac66813e61c] INFO  o.eclipse.m2e.core.internal.Bundles - 	Entry: C:\Users\jdpha\.p2\pool\plugins\org.eclipse.m2e.maven.runtime_3.9.600.20231203-1234\jars\org.eclipse.sisu.plexus-0.9.0.M2.jar
2024-04-14 13:06:21,532 [Worker-5: Launching mavenrun-906bc5c2-63b0-46ef-928a-eac66813e61c] INFO  o.eclipse.m2e.core.internal.Bundles - 	Entry: C:\Users\jdpha\.p2\pool\plugins\org.eclipse.m2e.maven.runtime_3.9.600.20231203-1234\jars\plexus-build-api-0.0.7.jar
2024-04-14 13:06:21,532 [Worker-5: Launching mavenrun-906bc5c2-63b0-46ef-928a-eac66813e61c] INFO  o.eclipse.m2e.core.internal.Bundles - 	Entry: C:\Users\jdpha\.p2\pool\plugins\org.eclipse.m2e.maven.runtime_3.9.600.20231203-1234\jars\plexus-cipher-2.0.jar
2024-04-14 13:06:21,532 [Worker-5: Launching mavenrun-906bc5c2-63b0-46ef-928a-eac66813e61c] INFO  o.eclipse.m2e.core.internal.Bundles - 	Entry: C:\Users\jdpha\.p2\pool\plugins\org.eclipse.m2e.maven.runtime_3.9.600.20231203-1234\jars\plexus-classworlds-2.7.0.jar
2024-04-14 13:06:21,533 [Worker-5: Launching mavenrun-906bc5c2-63b0-46ef-928a-eac66813e61c] INFO  o.eclipse.m2e.core.internal.Bundles - 	Entry: C:\Users\jdpha\.p2\pool\plugins\org.eclipse.m2e.maven.runtime_3.9.600.20231203-1234\jars\plexus-component-annotations-2.1.0.jar
2024-04-14 13:06:21,533 [Worker-5: Launching mavenrun-906bc5c2-63b0-46ef-928a-eac66813e61c] INFO  o.eclipse.m2e.core.internal.Bundles - 	Entry: C:\Users\jdpha\.p2\pool\plugins\org.eclipse.m2e.maven.runtime_3.9.600.20231203-1234\jars\plexus-interpolation-1.26.jar
2024-04-14 13:06:21,533 [Worker-5: Launching mavenrun-906bc5c2-63b0-46ef-928a-eac66813e61c] INFO  o.eclipse.m2e.core.internal.Bundles - 	Entry: C:\Users\jdpha\.p2\pool\plugins\org.eclipse.m2e.maven.runtime_3.9.600.20231203-1234\jars\plexus-sec-dispatcher-2.0.jar
2024-04-14 13:06:21,533 [Worker-5: Launching mavenrun-906bc5c2-63b0-46ef-928a-eac66813e61c] INFO  o.eclipse.m2e.core.internal.Bundles - 	Entry: C:\Users\jdpha\.p2\pool\plugins\org.eclipse.m2e.maven.runtime_3.9.600.20231203-1234\jars\plexus-utils-3.5.1.jar
2024-04-14 13:06:21,534 [Worker-5: Launching mavenrun-906bc5c2-63b0-46ef-928a-eac66813e61c] INFO  o.eclipse.m2e.core.internal.Bundles - 	Entry: C:\Users\jdpha\.p2\pool\plugins\org.eclipse.m2e.maven.runtime_3.9.600.20231203-1234\jars\wagon-file-3.5.3.jar
2024-04-14 13:06:21,534 [Worker-5: Launching mavenrun-906bc5c2-63b0-46ef-928a-eac66813e61c] INFO  o.eclipse.m2e.core.internal.Bundles - 	Entry: C:\Users\jdpha\.p2\pool\plugins\org.eclipse.m2e.maven.runtime_3.9.600.20231203-1234\jars\wagon-http-3.5.3.jar
2024-04-14 13:06:21,534 [Worker-5: Launching mavenrun-906bc5c2-63b0-46ef-928a-eac66813e61c] INFO  o.eclipse.m2e.core.internal.Bundles - 	Entry: C:\Users\jdpha\.p2\pool\plugins\org.eclipse.m2e.maven.runtime_3.9.600.20231203-1234\jars\wagon-http-shared-3.5.3.jar
2024-04-14 13:06:21,534 [Worker-5: Launching mavenrun-906bc5c2-63b0-46ef-928a-eac66813e61c] INFO  o.eclipse.m2e.core.internal.Bundles - 	Entry: C:\Users\jdpha\.p2\pool\plugins\org.eclipse.m2e.maven.runtime_3.9.600.20231203-1234\jars\wagon-provider-api-3.5.3.jar
2024-04-14 13:06:21,537 [Worker-5: Launching mavenrun-906bc5c2-63b0-46ef-928a-eac66813e61c] INFO  o.eclipse.m2e.core.internal.Bundles - getClasspathEntries(Bundle=com.google.guava_33.0.0.jre [14])
2024-04-14 13:06:21,538 [Worker-5: Launching mavenrun-906bc5c2-63b0-46ef-928a-eac66813e61c] INFO  o.eclipse.m2e.core.internal.Bundles - 	Entry: C:\Users\jdpha\.p2\pool\plugins\com.google.guava_33.0.0.jre.jar
2024-04-14 13:06:21,539 [Worker-5: Launching mavenrun-906bc5c2-63b0-46ef-928a-eac66813e61c] INFO  o.eclipse.m2e.core.internal.Bundles - getClasspathEntries(Bundle=slf4j.api_2.0.12 [998])
2024-04-14 13:06:21,539 [Worker-5: Launching mavenrun-906bc5c2-63b0-46ef-928a-eac66813e61c] INFO  o.eclipse.m2e.core.internal.Bundles - 	Entry: C:\Users\jdpha\.p2\pool\plugins\slf4j.api_2.0.12.jar
2024-04-14 13:06:21,539 [Worker-5: Launching mavenrun-906bc5c2-63b0-46ef-928a-eac66813e61c] INFO  o.eclipse.m2e.core.internal.Bundles - getClasspathEntries(Bundle=jakarta.inject.jakarta.inject-api_1.0.5 [32])
2024-04-14 13:06:21,540 [Worker-5: Launching mavenrun-906bc5c2-63b0-46ef-928a-eac66813e61c] INFO  o.eclipse.m2e.core.internal.Bundles - 	Entry: C:\Users\jdpha\.p2\pool\plugins\jakarta.inject.jakarta.inject-api_1.0.5.jar
2024-04-14 13:06:21,540 [Worker-5: Launching mavenrun-906bc5c2-63b0-46ef-928a-eac66813e61c] INFO  o.eclipse.m2e.core.internal.Bundles - getClasspathEntries(Bundle=jakarta.annotation-api_1.3.5 [27])
2024-04-14 13:06:21,540 [Worker-5: Launching mavenrun-906bc5c2-63b0-46ef-928a-eac66813e61c] INFO  o.eclipse.m2e.core.internal.Bundles - 	Entry: C:\Users\jdpha\.p2\pool\plugins\jakarta.annotation-api_1.3.5.jar
2024-04-14 13:06:21,540 [Worker-5: Launching mavenrun-906bc5c2-63b0-46ef-928a-eac66813e61c] INFO  o.eclipse.m2e.core.internal.Bundles - getClasspathEntries(Bundle=org.apache.commons.cli_1.6.0 [75])
2024-04-14 13:06:21,541 [Worker-5: Launching mavenrun-906bc5c2-63b0-46ef-928a-eac66813e61c] INFO  o.eclipse.m2e.core.internal.Bundles - 	Entry: C:\Users\jdpha\.p2\pool\plugins\org.apache.commons.cli_1.6.0.jar
2024-04-14 13:06:21,541 [Worker-5: Launching mavenrun-906bc5c2-63b0-46ef-928a-eac66813e61c] INFO  o.eclipse.m2e.core.internal.Bundles - getClasspathEntries(Bundle=org.apache.commons.commons-codec_1.16.0 [78])
2024-04-14 13:06:21,541 [Worker-5: Launching mavenrun-906bc5c2-63b0-46ef-928a-eac66813e61c] INFO  o.eclipse.m2e.core.internal.Bundles - 	Entry: C:\Users\jdpha\.p2\pool\plugins\org.apache.commons.commons-codec_1.16.0.jar
2024-04-14 13:06:21,541 [Worker-5: Launching mavenrun-906bc5c2-63b0-46ef-928a-eac66813e61c] INFO  o.eclipse.m2e.core.internal.Bundles - getClasspathEntries(Bundle=org.apache.commons.lang3_3.14.0 [86])
2024-04-14 13:06:21,542 [Worker-5: Launching mavenrun-906bc5c2-63b0-46ef-928a-eac66813e61c] INFO  o.eclipse.m2e.core.internal.Bundles - 	Entry: C:\Users\jdpha\.p2\pool\plugins\org.apache.commons.lang3_3.14.0.jar
2024-04-14 13:06:21,542 [Worker-5: Launching mavenrun-906bc5c2-63b0-46ef-928a-eac66813e61c] INFO  o.eclipse.m2e.core.internal.Bundles - getClasspathEntries(Bundle=com.google.guava.failureaccess_1.0.2 [15])
2024-04-14 13:06:21,542 [Worker-5: Launching mavenrun-906bc5c2-63b0-46ef-928a-eac66813e61c] INFO  o.eclipse.m2e.core.internal.Bundles - 	Entry: C:\Users\jdpha\.p2\pool\plugins\com.google.guava.failureaccess_1.0.2.jar
2024-04-14 13:06:21,551 [Worker-5: Launching mavenrun-906bc5c2-63b0-46ef-928a-eac66813e61c] INFO  o.e.m.i.launch.MavenLaunchDelegate - Run build in "C:\Users\jdpha\AppData\Local\Temp\m2e-archetypeGenerator3199195299406389119":
2024-04-14 13:06:21,556 [Worker-5: Launching mavenrun-906bc5c2-63b0-46ef-928a-eac66813e61c] INFO  o.e.m.i.launch.MavenLaunchDelegate -  mvn  -DarchetypeGroupId=org.apache.maven.archetypes -DarchetypeArtifactId=maven-archetype-quickstart -DarchetypeVersion=1.1 -DgroupId=springcore -DartifactId=springcore -Dversion=0.0.1-SNAPSHOT -Dpackage=springcore.springcore -DoutputDirectory="D:\Spring Framework" -Dstyle.color=always -U archetype:generate
2024-04-14 15:14:45,991 [Worker-2: Loading available Gradle versions] INFO  o.e.b.c.i.u.g.PublishedGradleVersions - Gradle version information cache is up-to-date. Trying to read.
2024-04-14 15:15:32,726 [Worker-12: Launching mavenrun-6e4bb915-6eb8-4581-88ac-8ec7f1c62e02] INFO  o.eclipse.m2e.core.internal.Bundles - getClasspathEntries(Bundle=org.eclipse.m2e.maven.runtime_3.9.600.20231203-1234 [635])
2024-04-14 15:15:32,730 [Worker-12: Launching mavenrun-6e4bb915-6eb8-4581-88ac-8ec7f1c62e02] INFO  o.eclipse.m2e.core.internal.Bundles - 	Entry: C:\Users\jdpha\.p2\pool\plugins\org.eclipse.m2e.maven.runtime_3.9.600.20231203-1234
2024-04-14 15:15:32,730 [Worker-12: Launching mavenrun-6e4bb915-6eb8-4581-88ac-8ec7f1c62e02] INFO  o.eclipse.m2e.core.internal.Bundles - 	Entry: C:\Users\jdpha\.p2\pool\plugins\org.eclipse.m2e.maven.runtime_3.9.600.20231203-1234\jars\aopalliance-1.0.jar
2024-04-14 15:15:32,730 [Worker-12: Launching mavenrun-6e4bb915-6eb8-4581-88ac-8ec7f1c62e02] INFO  o.eclipse.m2e.core.internal.Bundles - 	Entry: C:\Users\jdpha\.p2\pool\plugins\org.eclipse.m2e.maven.runtime_3.9.600.20231203-1234\jars\guice-5.1.0.jar
2024-04-14 15:15:32,730 [Worker-12: Launching mavenrun-6e4bb915-6eb8-4581-88ac-8ec7f1c62e02] INFO  o.eclipse.m2e.core.internal.Bundles - 	Entry: C:\Users\jdpha\.p2\pool\plugins\org.eclipse.m2e.maven.runtime_3.9.600.20231203-1234\jars\httpclient-4.5.14.jar
2024-04-14 15:15:32,731 [Worker-12: Launching mavenrun-6e4bb915-6eb8-4581-88ac-8ec7f1c62e02] INFO  o.eclipse.m2e.core.internal.Bundles - 	Entry: C:\Users\jdpha\.p2\pool\plugins\org.eclipse.m2e.maven.runtime_3.9.600.20231203-1234\jars\httpcore-4.4.16.jar
2024-04-14 15:15:32,731 [Worker-12: Launching mavenrun-6e4bb915-6eb8-4581-88ac-8ec7f1c62e02] INFO  o.eclipse.m2e.core.internal.Bundles - 	Entry: C:\Users\jdpha\.p2\pool\plugins\org.eclipse.m2e.maven.runtime_3.9.600.20231203-1234\jars\jansi-2.4.0.jar
2024-04-14 15:15:32,732 [Worker-12: Launching mavenrun-6e4bb915-6eb8-4581-88ac-8ec7f1c62e02] INFO  o.eclipse.m2e.core.internal.Bundles - 	Entry: C:\Users\jdpha\.p2\pool\plugins\org.eclipse.m2e.maven.runtime_3.9.600.20231203-1234\jars\jcl-over-slf4j-1.7.36.jar
2024-04-14 15:15:32,732 [Worker-12: Launching mavenrun-6e4bb915-6eb8-4581-88ac-8ec7f1c62e02] INFO  o.eclipse.m2e.core.internal.Bundles - 	Entry: C:\Users\jdpha\.p2\pool\plugins\org.eclipse.m2e.maven.runtime_3.9.600.20231203-1234\jars\maven-artifact-3.9.6.jar
2024-04-14 15:15:32,733 [Worker-12: Launching mavenrun-6e4bb915-6eb8-4581-88ac-8ec7f1c62e02] INFO  o.eclipse.m2e.core.internal.Bundles - 	Entry: C:\Users\jdpha\.p2\pool\plugins\org.eclipse.m2e.maven.runtime_3.9.600.20231203-1234\jars\maven-builder-support-3.9.6.jar
2024-04-14 15:15:32,733 [Worker-12: Launching mavenrun-6e4bb915-6eb8-4581-88ac-8ec7f1c62e02] INFO  o.eclipse.m2e.core.internal.Bundles - 	Entry: C:\Users\jdpha\.p2\pool\plugins\org.eclipse.m2e.maven.runtime_3.9.600.20231203-1234\jars\maven-compat-3.9.6.jar
2024-04-14 15:15:32,734 [Worker-12: Launching mavenrun-6e4bb915-6eb8-4581-88ac-8ec7f1c62e02] INFO  o.eclipse.m2e.core.internal.Bundles - 	Entry: C:\Users\jdpha\.p2\pool\plugins\org.eclipse.m2e.maven.runtime_3.9.600.20231203-1234\jars\maven-core-3.9.6.jar
2024-04-14 15:15:32,734 [Worker-12: Launching mavenrun-6e4bb915-6eb8-4581-88ac-8ec7f1c62e02] INFO  o.eclipse.m2e.core.internal.Bundles - 	Entry: C:\Users\jdpha\.p2\pool\plugins\org.eclipse.m2e.maven.runtime_3.9.600.20231203-1234\jars\maven-embedder-3.9.6.jar
2024-04-14 15:15:32,735 [Worker-12: Launching mavenrun-6e4bb915-6eb8-4581-88ac-8ec7f1c62e02] INFO  o.eclipse.m2e.core.internal.Bundles - 	Entry: C:\Users\jdpha\.p2\pool\plugins\org.eclipse.m2e.maven.runtime_3.9.600.20231203-1234\jars\maven-model-3.9.6.jar
2024-04-14 15:15:32,735 [Worker-12: Launching mavenrun-6e4bb915-6eb8-4581-88ac-8ec7f1c62e02] INFO  o.eclipse.m2e.core.internal.Bundles - 	Entry: C:\Users\jdpha\.p2\pool\plugins\org.eclipse.m2e.maven.runtime_3.9.600.20231203-1234\jars\maven-model-builder-3.9.6.jar
2024-04-14 15:15:32,735 [Worker-12: Launching mavenrun-6e4bb915-6eb8-4581-88ac-8ec7f1c62e02] INFO  o.eclipse.m2e.core.internal.Bundles - 	Entry: C:\Users\jdpha\.p2\pool\plugins\org.eclipse.m2e.maven.runtime_3.9.600.20231203-1234\jars\maven-plugin-api-3.9.6.jar
2024-04-14 15:15:32,736 [Worker-12: Launching mavenrun-6e4bb915-6eb8-4581-88ac-8ec7f1c62e02] INFO  o.eclipse.m2e.core.internal.Bundles - 	Entry: C:\Users\jdpha\.p2\pool\plugins\org.eclipse.m2e.maven.runtime_3.9.600.20231203-1234\jars\maven-repository-metadata-3.9.6.jar
2024-04-14 15:15:32,736 [Worker-12: Launching mavenrun-6e4bb915-6eb8-4581-88ac-8ec7f1c62e02] INFO  o.eclipse.m2e.core.internal.Bundles - 	Entry: C:\Users\jdpha\.p2\pool\plugins\org.eclipse.m2e.maven.runtime_3.9.600.20231203-1234\jars\maven-resolver-api-1.9.18.jar
2024-04-14 15:15:32,737 [Worker-12: Launching mavenrun-6e4bb915-6eb8-4581-88ac-8ec7f1c62e02] INFO  o.eclipse.m2e.core.internal.Bundles - 	Entry: C:\Users\jdpha\.p2\pool\plugins\org.eclipse.m2e.maven.runtime_3.9.600.20231203-1234\jars\maven-resolver-connector-basic-1.9.18.jar
2024-04-14 15:15:32,737 [Worker-12: Launching mavenrun-6e4bb915-6eb8-4581-88ac-8ec7f1c62e02] INFO  o.eclipse.m2e.core.internal.Bundles - 	Entry: C:\Users\jdpha\.p2\pool\plugins\org.eclipse.m2e.maven.runtime_3.9.600.20231203-1234\jars\maven-resolver-impl-1.9.18.jar
2024-04-14 15:15:32,737 [Worker-12: Launching mavenrun-6e4bb915-6eb8-4581-88ac-8ec7f1c62e02] INFO  o.eclipse.m2e.core.internal.Bundles - 	Entry: C:\Users\jdpha\.p2\pool\plugins\org.eclipse.m2e.maven.runtime_3.9.600.20231203-1234\jars\maven-resolver-named-locks-1.9.18.jar
2024-04-14 15:15:32,738 [Worker-12: Launching mavenrun-6e4bb915-6eb8-4581-88ac-8ec7f1c62e02] INFO  o.eclipse.m2e.core.internal.Bundles - 	Entry: C:\Users\jdpha\.p2\pool\plugins\org.eclipse.m2e.maven.runtime_3.9.600.20231203-1234\jars\maven-resolver-provider-3.9.6.jar
2024-04-14 15:15:32,738 [Worker-12: Launching mavenrun-6e4bb915-6eb8-4581-88ac-8ec7f1c62e02] INFO  o.eclipse.m2e.core.internal.Bundles - 	Entry: C:\Users\jdpha\.p2\pool\plugins\org.eclipse.m2e.maven.runtime_3.9.600.20231203-1234\jars\maven-resolver-spi-1.9.18.jar
2024-04-14 15:15:32,739 [Worker-12: Launching mavenrun-6e4bb915-6eb8-4581-88ac-8ec7f1c62e02] INFO  o.eclipse.m2e.core.internal.Bundles - 	Entry: C:\Users\jdpha\.p2\pool\plugins\org.eclipse.m2e.maven.runtime_3.9.600.20231203-1234\jars\maven-resolver-transport-file-1.9.18.jar
2024-04-14 15:15:32,739 [Worker-12: Launching mavenrun-6e4bb915-6eb8-4581-88ac-8ec7f1c62e02] INFO  o.eclipse.m2e.core.internal.Bundles - 	Entry: C:\Users\jdpha\.p2\pool\plugins\org.eclipse.m2e.maven.runtime_3.9.600.20231203-1234\jars\maven-resolver-transport-http-1.9.18.jar
2024-04-14 15:15:32,739 [Worker-12: Launching mavenrun-6e4bb915-6eb8-4581-88ac-8ec7f1c62e02] INFO  o.eclipse.m2e.core.internal.Bundles - 	Entry: C:\Users\jdpha\.p2\pool\plugins\org.eclipse.m2e.maven.runtime_3.9.600.20231203-1234\jars\maven-resolver-transport-wagon-1.9.18.jar
2024-04-14 15:15:32,740 [Worker-12: Launching mavenrun-6e4bb915-6eb8-4581-88ac-8ec7f1c62e02] INFO  o.eclipse.m2e.core.internal.Bundles - 	Entry: C:\Users\jdpha\.p2\pool\plugins\org.eclipse.m2e.maven.runtime_3.9.600.20231203-1234\jars\maven-resolver-util-1.9.18.jar
2024-04-14 15:15:32,740 [Worker-12: Launching mavenrun-6e4bb915-6eb8-4581-88ac-8ec7f1c62e02] INFO  o.eclipse.m2e.core.internal.Bundles - 	Entry: C:\Users\jdpha\.p2\pool\plugins\org.eclipse.m2e.maven.runtime_3.9.600.20231203-1234\jars\maven-settings-3.9.6.jar
2024-04-14 15:15:32,741 [Worker-12: Launching mavenrun-6e4bb915-6eb8-4581-88ac-8ec7f1c62e02] INFO  o.eclipse.m2e.core.internal.Bundles - 	Entry: C:\Users\jdpha\.p2\pool\plugins\org.eclipse.m2e.maven.runtime_3.9.600.20231203-1234\jars\maven-settings-builder-3.9.6.jar
2024-04-14 15:15:32,741 [Worker-12: Launching mavenrun-6e4bb915-6eb8-4581-88ac-8ec7f1c62e02] INFO  o.eclipse.m2e.core.internal.Bundles - 	Entry: C:\Users\jdpha\.p2\pool\plugins\org.eclipse.m2e.maven.runtime_3.9.600.20231203-1234\jars\maven-shared-utils-3.3.4.jar
2024-04-14 15:15:32,742 [Worker-12: Launching mavenrun-6e4bb915-6eb8-4581-88ac-8ec7f1c62e02] INFO  o.eclipse.m2e.core.internal.Bundles - 	Entry: C:\Users\jdpha\.p2\pool\plugins\org.eclipse.m2e.maven.runtime_3.9.600.20231203-1234\jars\org.eclipse.sisu.inject-0.9.0.M2.jar
2024-04-14 15:15:32,742 [Worker-12: Launching mavenrun-6e4bb915-6eb8-4581-88ac-8ec7f1c62e02] INFO  o.eclipse.m2e.core.internal.Bundles - 	Entry: C:\Users\jdpha\.p2\pool\plugins\org.eclipse.m2e.maven.runtime_3.9.600.20231203-1234\jars\org.eclipse.sisu.plexus-0.9.0.M2.jar
2024-04-14 15:15:32,743 [Worker-12: Launching mavenrun-6e4bb915-6eb8-4581-88ac-8ec7f1c62e02] INFO  o.eclipse.m2e.core.internal.Bundles - 	Entry: C:\Users\jdpha\.p2\pool\plugins\org.eclipse.m2e.maven.runtime_3.9.600.20231203-1234\jars\plexus-build-api-0.0.7.jar
2024-04-14 15:15:32,743 [Worker-12: Launching mavenrun-6e4bb915-6eb8-4581-88ac-8ec7f1c62e02] INFO  o.eclipse.m2e.core.internal.Bundles - 	Entry: C:\Users\jdpha\.p2\pool\plugins\org.eclipse.m2e.maven.runtime_3.9.600.20231203-1234\jars\plexus-cipher-2.0.jar
2024-04-14 15:15:32,743 [Worker-12: Launching mavenrun-6e4bb915-6eb8-4581-88ac-8ec7f1c62e02] INFO  o.eclipse.m2e.core.internal.Bundles - 	Entry: C:\Users\jdpha\.p2\pool\plugins\org.eclipse.m2e.maven.runtime_3.9.600.20231203-1234\jars\plexus-classworlds-2.7.0.jar
2024-04-14 15:15:32,744 [Worker-12: Launching mavenrun-6e4bb915-6eb8-4581-88ac-8ec7f1c62e02] INFO  o.eclipse.m2e.core.internal.Bundles - 	Entry: C:\Users\jdpha\.p2\pool\plugins\org.eclipse.m2e.maven.runtime_3.9.600.20231203-1234\jars\plexus-component-annotations-2.1.0.jar
2024-04-14 15:15:32,745 [Worker-12: Launching mavenrun-6e4bb915-6eb8-4581-88ac-8ec7f1c62e02] INFO  o.eclipse.m2e.core.internal.Bundles - 	Entry: C:\Users\jdpha\.p2\pool\plugins\org.eclipse.m2e.maven.runtime_3.9.600.20231203-1234\jars\plexus-interpolation-1.26.jar
2024-04-14 15:15:32,745 [Worker-12: Launching mavenrun-6e4bb915-6eb8-4581-88ac-8ec7f1c62e02] INFO  o.eclipse.m2e.core.internal.Bundles - 	Entry: C:\Users\jdpha\.p2\pool\plugins\org.eclipse.m2e.maven.runtime_3.9.600.20231203-1234\jars\plexus-sec-dispatcher-2.0.jar
2024-04-14 15:15:32,745 [Worker-12: Launching mavenrun-6e4bb915-6eb8-4581-88ac-8ec7f1c62e02] INFO  o.eclipse.m2e.core.internal.Bundles - 	Entry: C:\Users\jdpha\.p2\pool\plugins\org.eclipse.m2e.maven.runtime_3.9.600.20231203-1234\jars\plexus-utils-3.5.1.jar
2024-04-14 15:15:32,746 [Worker-12: Launching mavenrun-6e4bb915-6eb8-4581-88ac-8ec7f1c62e02] INFO  o.eclipse.m2e.core.internal.Bundles - 	Entry: C:\Users\jdpha\.p2\pool\plugins\org.eclipse.m2e.maven.runtime_3.9.600.20231203-1234\jars\wagon-file-3.5.3.jar
2024-04-14 15:15:32,746 [Worker-12: Launching mavenrun-6e4bb915-6eb8-4581-88ac-8ec7f1c62e02] INFO  o.eclipse.m2e.core.internal.Bundles - 	Entry: C:\Users\jdpha\.p2\pool\plugins\org.eclipse.m2e.maven.runtime_3.9.600.20231203-1234\jars\wagon-http-3.5.3.jar
2024-04-14 15:15:32,747 [Worker-12: Launching mavenrun-6e4bb915-6eb8-4581-88ac-8ec7f1c62e02] INFO  o.eclipse.m2e.core.internal.Bundles - 	Entry: C:\Users\jdpha\.p2\pool\plugins\org.eclipse.m2e.maven.runtime_3.9.600.20231203-1234\jars\wagon-http-shared-3.5.3.jar
2024-04-14 15:15:32,747 [Worker-12: Launching mavenrun-6e4bb915-6eb8-4581-88ac-8ec7f1c62e02] INFO  o.eclipse.m2e.core.internal.Bundles - 	Entry: C:\Users\jdpha\.p2\pool\plugins\org.eclipse.m2e.maven.runtime_3.9.600.20231203-1234\jars\wagon-provider-api-3.5.3.jar
2024-04-14 15:15:32,751 [Worker-12: Launching mavenrun-6e4bb915-6eb8-4581-88ac-8ec7f1c62e02] INFO  o.eclipse.m2e.core.internal.Bundles - getClasspathEntries(Bundle=com.google.guava_33.0.0.jre [14])
2024-04-14 15:15:32,752 [Worker-12: Launching mavenrun-6e4bb915-6eb8-4581-88ac-8ec7f1c62e02] INFO  o.eclipse.m2e.core.internal.Bundles - 	Entry: C:\Users\jdpha\.p2\pool\plugins\com.google.guava_33.0.0.jre.jar
2024-04-14 15:15:32,752 [Worker-12: Launching mavenrun-6e4bb915-6eb8-4581-88ac-8ec7f1c62e02] INFO  o.eclipse.m2e.core.internal.Bundles - getClasspathEntries(Bundle=slf4j.api_2.0.12 [998])
2024-04-14 15:15:32,752 [Worker-12: Launching mavenrun-6e4bb915-6eb8-4581-88ac-8ec7f1c62e02] INFO  o.eclipse.m2e.core.internal.Bundles - 	Entry: C:\Users\jdpha\.p2\pool\plugins\slf4j.api_2.0.12.jar
2024-04-14 15:15:32,752 [Worker-12: Launching mavenrun-6e4bb915-6eb8-4581-88ac-8ec7f1c62e02] INFO  o.eclipse.m2e.core.internal.Bundles - getClasspathEntries(Bundle=jakarta.inject.jakarta.inject-api_1.0.5 [32])
2024-04-14 15:15:32,753 [Worker-12: Launching mavenrun-6e4bb915-6eb8-4581-88ac-8ec7f1c62e02] INFO  o.eclipse.m2e.core.internal.Bundles - 	Entry: C:\Users\jdpha\.p2\pool\plugins\jakarta.inject.jakarta.inject-api_1.0.5.jar
2024-04-14 15:15:32,753 [Worker-12: Launching mavenrun-6e4bb915-6eb8-4581-88ac-8ec7f1c62e02] INFO  o.eclipse.m2e.core.internal.Bundles - getClasspathEntries(Bundle=jakarta.annotation-api_1.3.5 [27])
2024-04-14 15:15:32,755 [Worker-12: Launching mavenrun-6e4bb915-6eb8-4581-88ac-8ec7f1c62e02] INFO  o.eclipse.m2e.core.internal.Bundles - 	Entry: C:\Users\jdpha\.p2\pool\plugins\jakarta.annotation-api_1.3.5.jar
2024-04-14 15:15:32,755 [Worker-12: Launching mavenrun-6e4bb915-6eb8-4581-88ac-8ec7f1c62e02] INFO  o.eclipse.m2e.core.internal.Bundles - getClasspathEntries(Bundle=org.apache.commons.cli_1.6.0 [75])
2024-04-14 15:15:32,755 [Worker-12: Launching mavenrun-6e4bb915-6eb8-4581-88ac-8ec7f1c62e02] INFO  o.eclipse.m2e.core.internal.Bundles - 	Entry: C:\Users\jdpha\.p2\pool\plugins\org.apache.commons.cli_1.6.0.jar
2024-04-14 15:15:32,755 [Worker-12: Launching mavenrun-6e4bb915-6eb8-4581-88ac-8ec7f1c62e02] INFO  o.eclipse.m2e.core.internal.Bundles - getClasspathEntries(Bundle=org.apache.commons.commons-codec_1.16.0 [78])
2024-04-14 15:15:32,756 [Worker-12: Launching mavenrun-6e4bb915-6eb8-4581-88ac-8ec7f1c62e02] INFO  o.eclipse.m2e.core.internal.Bundles - 	Entry: C:\Users\jdpha\.p2\pool\plugins\org.apache.commons.commons-codec_1.16.0.jar
2024-04-14 15:15:32,756 [Worker-12: Launching mavenrun-6e4bb915-6eb8-4581-88ac-8ec7f1c62e02] INFO  o.eclipse.m2e.core.internal.Bundles - getClasspathEntries(Bundle=org.apache.commons.lang3_3.14.0 [86])
2024-04-14 15:15:32,757 [Worker-12: Launching mavenrun-6e4bb915-6eb8-4581-88ac-8ec7f1c62e02] INFO  o.eclipse.m2e.core.internal.Bundles - 	Entry: C:\Users\jdpha\.p2\pool\plugins\org.apache.commons.lang3_3.14.0.jar
2024-04-14 15:15:32,757 [Worker-12: Launching mavenrun-6e4bb915-6eb8-4581-88ac-8ec7f1c62e02] INFO  o.eclipse.m2e.core.internal.Bundles - getClasspathEntries(Bundle=com.google.guava.failureaccess_1.0.2 [15])
2024-04-14 15:15:32,757 [Worker-12: Launching mavenrun-6e4bb915-6eb8-4581-88ac-8ec7f1c62e02] INFO  o.eclipse.m2e.core.internal.Bundles - 	Entry: C:\Users\jdpha\.p2\pool\plugins\com.google.guava.failureaccess_1.0.2.jar
2024-04-14 15:15:32,771 [Worker-12: Launching mavenrun-6e4bb915-6eb8-4581-88ac-8ec7f1c62e02] INFO  o.e.m.i.launch.MavenLaunchDelegate - Run build in "C:\Users\jdpha\AppData\Local\Temp\m2e-archetypeGenerator2097491098204630493":
2024-04-14 15:15:32,778 [Worker-12: Launching mavenrun-6e4bb915-6eb8-4581-88ac-8ec7f1c62e02] INFO  o.e.m.i.launch.MavenLaunchDelegate -  mvn  -DarchetypeGroupId=org.apache.maven.archetypes -DarchetypeArtifactId=maven-archetype-quickstart -DarchetypeVersion=1.1 -DgroupId=springcore -DartifactId=springcore -Dversion=0.0.1-SNAPSHOT -Dpackage=springcore -DoutputDirectory="D:\Spring Framework" -Dstyle.color=always -U archetype:generate
2024-04-14 15:15:47,636 [Worker-19: Creating maven-archetype-quickstart] INFO  o.e.m.c.i.p.ProjectConfigurationManager - Collecting project info '/pom.xml' D:\Spring Framework\springcore\pom.xml
2024-04-14 15:15:48,330 [Worker-19: Creating maven-archetype-quickstart] INFO  o.e.m.c.i.e.AbstractTransferListenerAdapter - Downloading https://repo.maven.apache.org/maven2/org/apache/maven/plugins/maven-resources-plugin/3.3.1/maven-resources-plugin-3.3.1.jar
2024-04-14 15:15:48,372 [Worker-19: Creating maven-archetype-quickstart] INFO  o.e.m.c.i.e.AbstractTransferListenerAdapter - Downloaded https://repo.maven.apache.org/maven2/org/apache/maven/plugins/maven-resources-plugin/3.3.1/maven-resources-plugin-3.3.1.jar
2024-04-14 15:15:48,393 [Worker-19: Creating maven-archetype-quickstart] INFO  o.e.m.c.i.e.AbstractTransferListenerAdapter - Downloading https://repo.maven.apache.org/maven2/org/apache/maven/plugins/maven-compiler-plugin/3.11.0/maven-compiler-plugin-3.11.0.jar
2024-04-14 15:15:48,410 [Worker-19: Creating maven-archetype-quickstart] INFO  o.e.m.c.i.e.AbstractTransferListenerAdapter - Downloaded https://repo.maven.apache.org/maven2/org/apache/maven/plugins/maven-compiler-plugin/3.11.0/maven-compiler-plugin-3.11.0.jar
2024-04-14 15:15:48,436 [Worker-19: Creating maven-archetype-quickstart] INFO  o.e.m.c.i.e.AbstractTransferListenerAdapter - Downloading https://repo.maven.apache.org/maven2/org/apache/maven/plugins/maven-surefire-plugin/3.2.2/maven-surefire-plugin-3.2.2.jar
2024-04-14 15:15:48,458 [Worker-19: Creating maven-archetype-quickstart] INFO  o.e.m.c.i.e.AbstractTransferListenerAdapter - Downloaded https://repo.maven.apache.org/maven2/org/apache/maven/plugins/maven-surefire-plugin/3.2.2/maven-surefire-plugin-3.2.2.jar
2024-04-14 15:15:48,487 [Worker-19: Creating maven-archetype-quickstart] INFO  o.e.m.c.i.e.AbstractTransferListenerAdapter - Downloading https://repo.maven.apache.org/maven2/org/apache/maven/plugins/maven-jar-plugin/3.3.0/maven-jar-plugin-3.3.0.jar
2024-04-14 15:15:48,504 [Worker-19: Creating maven-archetype-quickstart] INFO  o.e.m.c.i.e.AbstractTransferListenerAdapter - Downloaded https://repo.maven.apache.org/maven2/org/apache/maven/plugins/maven-jar-plugin/3.3.0/maven-jar-plugin-3.3.0.jar
2024-04-14 15:15:48,574 [Worker-19: Creating maven-archetype-quickstart] INFO  o.e.m.c.i.e.AbstractTransferListenerAdapter - Downloading https://repo.maven.apache.org/maven2/org/apache/maven/plugins/maven-compiler-plugin/3.11.0/maven-compiler-plugin-3.11.0.pom
2024-04-14 15:15:48,598 [Worker-19: Creating maven-archetype-quickstart] INFO  o.e.m.c.i.e.AbstractTransferListenerAdapter - Downloaded https://repo.maven.apache.org/maven2/org/apache/maven/plugins/maven-compiler-plugin/3.11.0/maven-compiler-plugin-3.11.0.pom
2024-04-14 15:15:48,776 [Worker-19: Creating maven-archetype-quickstart] INFO  o.e.m.c.i.e.AbstractTransferListenerAdapter - Downloading https://repo.maven.apache.org/maven2/org/apache/maven/shared/maven-shared-utils/3.3.4/maven-shared-utils-3.3.4.pom
2024-04-14 15:15:48,785 [Worker-19: Creating maven-archetype-quickstart] INFO  o.e.m.c.i.e.AbstractTransferListenerAdapter - Downloaded https://repo.maven.apache.org/maven2/org/apache/maven/shared/maven-shared-utils/3.3.4/maven-shared-utils-3.3.4.pom
2024-04-14 15:15:48,892 [Worker-19: Creating maven-archetype-quickstart] INFO  o.e.m.c.i.e.AbstractTransferListenerAdapter - Downloading https://repo.maven.apache.org/maven2/org/codehaus/plexus/plexus-java/1.1.2/plexus-java-1.1.2.pom
2024-04-14 15:15:48,902 [Worker-19: Creating maven-archetype-quickstart] INFO  o.e.m.c.i.e.AbstractTransferListenerAdapter - Downloaded https://repo.maven.apache.org/maven2/org/codehaus/plexus/plexus-java/1.1.2/plexus-java-1.1.2.pom
2024-04-14 15:15:48,920 [Worker-19: Creating maven-archetype-quickstart] INFO  o.e.m.c.i.e.AbstractTransferListenerAdapter - Downloading https://repo.maven.apache.org/maven2/org/codehaus/plexus/plexus-languages/1.1.2/plexus-languages-1.1.2.pom
2024-04-14 15:15:48,929 [Worker-19: Creating maven-archetype-quickstart] INFO  o.e.m.c.i.e.AbstractTransferListenerAdapter - Downloaded https://repo.maven.apache.org/maven2/org/codehaus/plexus/plexus-languages/1.1.2/plexus-languages-1.1.2.pom
2024-04-14 15:15:48,948 [Worker-19: Creating maven-archetype-quickstart] INFO  o.e.m.c.i.e.AbstractTransferListenerAdapter - Downloading https://repo.maven.apache.org/maven2/org/codehaus/plexus/plexus/10/plexus-10.pom
2024-04-14 15:15:48,957 [Worker-19: Creating maven-archetype-quickstart] INFO  o.e.m.c.i.e.AbstractTransferListenerAdapter - Downloaded https://repo.maven.apache.org/maven2/org/codehaus/plexus/plexus/10/plexus-10.pom
2024-04-14 15:15:48,987 [Worker-19: Creating maven-archetype-quickstart] INFO  o.e.m.c.i.e.AbstractTransferListenerAdapter - Downloading https://repo.maven.apache.org/maven2/org/ow2/asm/asm/9.4/asm-9.4.pom
2024-04-14 15:15:49,007 [Worker-19: Creating maven-archetype-quickstart] INFO  o.e.m.c.i.e.AbstractTransferListenerAdapter - Downloaded https://repo.maven.apache.org/maven2/org/ow2/asm/asm/9.4/asm-9.4.pom
2024-04-14 15:15:49,043 [Worker-19: Creating maven-archetype-quickstart] INFO  o.e.m.c.i.e.AbstractTransferListenerAdapter - Downloading https://repo.maven.apache.org/maven2/org/ow2/ow2/1.5.1/ow2-1.5.1.pom
2024-04-14 15:15:49,068 [Worker-19: Creating maven-archetype-quickstart] INFO  o.e.m.c.i.e.AbstractTransferListenerAdapter - Downloaded https://repo.maven.apache.org/maven2/org/ow2/ow2/1.5.1/ow2-1.5.1.pom
2024-04-14 15:15:49,113 [Worker-19: Creating maven-archetype-quickstart] INFO  o.e.m.c.i.e.AbstractTransferListenerAdapter - Downloading https://repo.maven.apache.org/maven2/com/thoughtworks/qdox/qdox/2.0.3/qdox-2.0.3.pom
2024-04-14 15:15:49,140 [Worker-19: Creating maven-archetype-quickstart] INFO  o.e.m.c.i.e.AbstractTransferListenerAdapter - Downloaded https://repo.maven.apache.org/maven2/com/thoughtworks/qdox/qdox/2.0.3/qdox-2.0.3.pom
2024-04-14 15:15:49,205 [Worker-19: Creating maven-archetype-quickstart] INFO  o.e.m.c.i.e.AbstractTransferListenerAdapter - Downloading https://repo.maven.apache.org/maven2/org/codehaus/plexus/plexus-compiler-api/2.13.0/plexus-compiler-api-2.13.0.pom
2024-04-14 15:15:49,236 [Worker-19: Creating maven-archetype-quickstart] INFO  o.e.m.c.i.e.AbstractTransferListenerAdapter - Downloaded https://repo.maven.apache.org/maven2/org/codehaus/plexus/plexus-compiler-api/2.13.0/plexus-compiler-api-2.13.0.pom
2024-04-14 15:15:49,278 [Worker-19: Creating maven-archetype-quickstart] INFO  o.e.m.c.i.e.AbstractTransferListenerAdapter - Downloading https://repo.maven.apache.org/maven2/org/codehaus/plexus/plexus-compiler/2.13.0/plexus-compiler-2.13.0.pom
2024-04-14 15:15:49,299 [Worker-19: Creating maven-archetype-quickstart] INFO  o.e.m.c.i.e.AbstractTransferListenerAdapter - Downloaded https://repo.maven.apache.org/maven2/org/codehaus/plexus/plexus-compiler/2.13.0/plexus-compiler-2.13.0.pom
2024-04-14 15:15:49,342 [Worker-19: Creating maven-archetype-quickstart] INFO  o.e.m.c.i.e.AbstractTransferListenerAdapter - Downloading https://repo.maven.apache.org/maven2/org/codehaus/plexus/plexus-components/10.0/plexus-components-10.0.pom
2024-04-14 15:15:49,364 [Worker-19: Creating maven-archetype-quickstart] INFO  o.e.m.c.i.e.AbstractTransferListenerAdapter - Downloaded https://repo.maven.apache.org/maven2/org/codehaus/plexus/plexus-components/10.0/plexus-components-10.0.pom
2024-04-14 15:15:49,410 [Worker-19: Creating maven-archetype-quickstart] INFO  o.e.m.c.i.e.AbstractTransferListenerAdapter - Downloading https://repo.maven.apache.org/maven2/org/junit/junit-bom/5.9.1/junit-bom-5.9.1.pom
2024-04-14 15:15:49,422 [Worker-19: Creating maven-archetype-quickstart] INFO  o.e.m.c.i.e.AbstractTransferListenerAdapter - Downloaded https://repo.maven.apache.org/maven2/org/junit/junit-bom/5.9.1/junit-bom-5.9.1.pom
2024-04-14 15:15:49,446 [Worker-19: Creating maven-archetype-quickstart] INFO  o.e.m.c.i.e.AbstractTransferListenerAdapter - Downloading https://repo.maven.apache.org/maven2/org/codehaus/plexus/plexus-utils/3.5.0/plexus-utils-3.5.0.pom
2024-04-14 15:15:49,458 [Worker-19: Creating maven-archetype-quickstart] INFO  o.e.m.c.i.e.AbstractTransferListenerAdapter - Downloaded https://repo.maven.apache.org/maven2/org/codehaus/plexus/plexus-utils/3.5.0/plexus-utils-3.5.0.pom
2024-04-14 15:15:49,485 [Worker-19: Creating maven-archetype-quickstart] INFO  o.e.m.c.i.e.AbstractTransferListenerAdapter - Downloading https://repo.maven.apache.org/maven2/org/codehaus/plexus/plexus-compiler-manager/2.13.0/plexus-compiler-manager-2.13.0.pom
2024-04-14 15:15:49,499 [Worker-19: Creating maven-archetype-quickstart] INFO  o.e.m.c.i.e.AbstractTransferListenerAdapter - Downloaded https://repo.maven.apache.org/maven2/org/codehaus/plexus/plexus-compiler-manager/2.13.0/plexus-compiler-manager-2.13.0.pom
2024-04-14 15:15:49,575 [Worker-19: Creating maven-archetype-quickstart] INFO  o.e.m.c.i.e.AbstractTransferListenerAdapter - Downloading https://repo.maven.apache.org/maven2/org/codehaus/plexus/plexus-compiler-javac/2.13.0/plexus-compiler-javac-2.13.0.pom
2024-04-14 15:15:49,586 [Worker-19: Creating maven-archetype-quickstart] INFO  o.e.m.c.i.e.AbstractTransferListenerAdapter - Downloaded https://repo.maven.apache.org/maven2/org/codehaus/plexus/plexus-compiler-javac/2.13.0/plexus-compiler-javac-2.13.0.pom
2024-04-14 15:15:49,606 [Worker-19: Creating maven-archetype-quickstart] INFO  o.e.m.c.i.e.AbstractTransferListenerAdapter - Downloading https://repo.maven.apache.org/maven2/org/codehaus/plexus/plexus-compilers/2.13.0/plexus-compilers-2.13.0.pom
2024-04-14 15:15:49,617 [Worker-19: Creating maven-archetype-quickstart] INFO  o.e.m.c.i.e.AbstractTransferListenerAdapter - Downloaded https://repo.maven.apache.org/maven2/org/codehaus/plexus/plexus-compilers/2.13.0/plexus-compilers-2.13.0.pom
2024-04-14 15:15:49,701 [Worker-19: Creating maven-archetype-quickstart] INFO  o.e.m.c.i.e.AbstractTransferListenerAdapter - Downloading https://repo.maven.apache.org/maven2/org/apache/maven/shared/maven-shared-utils/3.3.4/maven-shared-utils-3.3.4.jar
2024-04-14 15:15:49,728 [Worker-19: Creating maven-archetype-quickstart] INFO  o.e.m.c.i.e.AbstractTransferListenerAdapter - Downloaded https://repo.maven.apache.org/maven2/org/apache/maven/shared/maven-shared-utils/3.3.4/maven-shared-utils-3.3.4.jar
2024-04-14 15:15:49,745 [BasicRepositoryConnector-repo.maven.apache.org-0-2] INFO  o.e.m.c.i.e.AbstractTransferListenerAdapter - Downloading https://repo.maven.apache.org/maven2/com/thoughtworks/qdox/qdox/2.0.3/qdox-2.0.3.jar
2024-04-14 15:15:49,789 [BasicRepositoryConnector-repo.maven.apache.org-0-2] INFO  o.e.m.c.i.e.AbstractTransferListenerAdapter - Downloaded https://repo.maven.apache.org/maven2/com/thoughtworks/qdox/qdox/2.0.3/qdox-2.0.3.jar
2024-04-14 15:15:49,791 [BasicRepositoryConnector-repo.maven.apache.org-0-1] INFO  o.e.m.c.i.e.AbstractTransferListenerAdapter - Downloading https://repo.maven.apache.org/maven2/org/ow2/asm/asm/9.4/asm-9.4.jar
2024-04-14 15:15:49,805 [BasicRepositoryConnector-repo.maven.apache.org-0-2] INFO  o.e.m.c.i.e.AbstractTransferListenerAdapter - Downloading https://repo.maven.apache.org/maven2/org/codehaus/plexus/plexus-compiler-manager/2.13.0/plexus-compiler-manager-2.13.0.jar
2024-04-14 15:15:49,805 [BasicRepositoryConnector-repo.maven.apache.org-0-4] INFO  o.e.m.c.i.e.AbstractTransferListenerAdapter - Downloading https://repo.maven.apache.org/maven2/org/codehaus/plexus/plexus-utils/3.5.0/plexus-utils-3.5.0.jar
2024-04-14 15:15:49,806 [BasicRepositoryConnector-repo.maven.apache.org-0-3] INFO  o.e.m.c.i.e.AbstractTransferListenerAdapter - Downloading https://repo.maven.apache.org/maven2/org/codehaus/plexus/plexus-compiler-api/2.13.0/plexus-compiler-api-2.13.0.jar
2024-04-14 15:15:49,815 [BasicRepositoryConnector-repo.maven.apache.org-0-0] INFO  o.e.m.c.i.e.AbstractTransferListenerAdapter - Downloading https://repo.maven.apache.org/maven2/org/codehaus/plexus/plexus-java/1.1.2/plexus-java-1.1.2.jar
2024-04-14 15:15:49,819 [BasicRepositoryConnector-repo.maven.apache.org-0-2] INFO  o.e.m.c.i.e.AbstractTransferListenerAdapter - Downloaded https://repo.maven.apache.org/maven2/org/codehaus/plexus/plexus-compiler-manager/2.13.0/plexus-compiler-manager-2.13.0.jar
2024-04-14 15:15:49,846 [BasicRepositoryConnector-repo.maven.apache.org-0-3] INFO  o.e.m.c.i.e.AbstractTransferListenerAdapter - Downloaded https://repo.maven.apache.org/maven2/org/codehaus/plexus/plexus-compiler-api/2.13.0/plexus-compiler-api-2.13.0.jar
2024-04-14 15:15:49,847 [BasicRepositoryConnector-repo.maven.apache.org-0-1] INFO  o.e.m.c.i.e.AbstractTransferListenerAdapter - Downloaded https://repo.maven.apache.org/maven2/org/ow2/asm/asm/9.4/asm-9.4.jar
2024-04-14 15:15:49,850 [BasicRepositoryConnector-repo.maven.apache.org-0-2] INFO  o.e.m.c.i.e.AbstractTransferListenerAdapter - Downloading https://repo.maven.apache.org/maven2/org/codehaus/plexus/plexus-compiler-javac/2.13.0/plexus-compiler-javac-2.13.0.jar
2024-04-14 15:15:49,861 [BasicRepositoryConnector-repo.maven.apache.org-0-0] INFO  o.e.m.c.i.e.AbstractTransferListenerAdapter - Downloaded https://repo.maven.apache.org/maven2/org/codehaus/plexus/plexus-java/1.1.2/plexus-java-1.1.2.jar
2024-04-14 15:15:49,862 [BasicRepositoryConnector-repo.maven.apache.org-0-2] INFO  o.e.m.c.i.e.AbstractTransferListenerAdapter - Downloaded https://repo.maven.apache.org/maven2/org/codehaus/plexus/plexus-compiler-javac/2.13.0/plexus-compiler-javac-2.13.0.jar
2024-04-14 15:15:49,879 [BasicRepositoryConnector-repo.maven.apache.org-0-4] INFO  o.e.m.c.i.e.AbstractTransferListenerAdapter - Downloaded https://repo.maven.apache.org/maven2/org/codehaus/plexus/plexus-utils/3.5.0/plexus-utils-3.5.0.jar
2024-04-14 15:15:50,104 [Worker-19: Creating maven-archetype-quickstart] INFO  o.e.m.c.i.l.LifecycleMappingFactory - Using org.eclipse.m2e.jdt.JarLifecycleMapping lifecycle mapping for MavenProject: springcore:springcore:0.0.1-SNAPSHOT @ D:\Spring Framework\springcore\pom.xml.
2024-04-14 15:15:50,137 [Worker-19: Creating maven-archetype-quickstart] INFO  o.e.m.c.i.e.AbstractTransferListenerAdapter - Downloading https://repo.maven.apache.org/maven2/org/apache/maven/plugins/maven-resources-plugin/3.3.1/maven-resources-plugin-3.3.1.pom
2024-04-14 15:15:50,145 [Worker-19: Creating maven-archetype-quickstart] INFO  o.e.m.c.i.e.AbstractTransferListenerAdapter - Downloaded https://repo.maven.apache.org/maven2/org/apache/maven/plugins/maven-resources-plugin/3.3.1/maven-resources-plugin-3.3.1.pom
2024-04-14 15:15:50,190 [Worker-19: Creating maven-archetype-quickstart] INFO  o.e.m.c.i.e.AbstractTransferListenerAdapter - Downloading https://repo.maven.apache.org/maven2/org/apache/maven/plugins/maven-surefire-plugin/3.2.2/maven-surefire-plugin-3.2.2.pom
2024-04-14 15:15:50,202 [Worker-19: Creating maven-archetype-quickstart] INFO  o.e.m.c.i.e.AbstractTransferListenerAdapter - Downloaded https://repo.maven.apache.org/maven2/org/apache/maven/plugins/maven-surefire-plugin/3.2.2/maven-surefire-plugin-3.2.2.pom
2024-04-14 15:15:50,222 [Worker-19: Creating maven-archetype-quickstart] INFO  o.e.m.c.i.e.AbstractTransferListenerAdapter - Downloading https://repo.maven.apache.org/maven2/org/apache/maven/surefire/surefire/3.2.2/surefire-3.2.2.pom
2024-04-14 15:15:50,239 [Worker-19: Creating maven-archetype-quickstart] INFO  o.e.m.c.i.e.AbstractTransferListenerAdapter - Downloaded https://repo.maven.apache.org/maven2/org/apache/maven/surefire/surefire/3.2.2/surefire-3.2.2.pom
2024-04-14 15:15:50,267 [Worker-19: Creating maven-archetype-quickstart] INFO  o.e.m.c.i.e.AbstractTransferListenerAdapter - Downloading https://repo.maven.apache.org/maven2/org/junit/junit-bom/5.9.3/junit-bom-5.9.3.pom
2024-04-14 15:15:50,275 [Worker-19: Creating maven-archetype-quickstart] INFO  o.e.m.c.i.e.AbstractTransferListenerAdapter - Downloaded https://repo.maven.apache.org/maven2/org/junit/junit-bom/5.9.3/junit-bom-5.9.3.pom
2024-04-14 15:15:50,304 [Worker-19: Creating maven-archetype-quickstart] INFO  o.e.m.c.i.e.AbstractTransferListenerAdapter - Downloading https://repo.maven.apache.org/maven2/org/apache/maven/plugins/maven-jar-plugin/3.3.0/maven-jar-plugin-3.3.0.pom
2024-04-14 15:15:50,312 [Worker-19: Creating maven-archetype-quickstart] INFO  o.e.m.c.i.e.AbstractTransferListenerAdapter - Downloaded https://repo.maven.apache.org/maven2/org/apache/maven/plugins/maven-jar-plugin/3.3.0/maven-jar-plugin-3.3.0.pom
2024-04-14 15:15:50,330 [Worker-19: Creating maven-archetype-quickstart] INFO  o.e.m.c.i.e.AbstractTransferListenerAdapter - Downloading https://repo.maven.apache.org/maven2/org/apache/maven/plugins/maven-plugins/37/maven-plugins-37.pom
2024-04-14 15:15:50,338 [Worker-19: Creating maven-archetype-quickstart] INFO  o.e.m.c.i.e.AbstractTransferListenerAdapter - Downloaded https://repo.maven.apache.org/maven2/org/apache/maven/plugins/maven-plugins/37/maven-plugins-37.pom
2024-04-14 15:15:50,356 [Worker-19: Creating maven-archetype-quickstart] INFO  o.e.m.c.i.e.AbstractTransferListenerAdapter - Downloading https://repo.maven.apache.org/maven2/org/apache/maven/maven-parent/37/maven-parent-37.pom
2024-04-14 15:15:50,368 [Worker-19: Creating maven-archetype-quickstart] INFO  o.e.m.c.i.e.AbstractTransferListenerAdapter - Downloaded https://repo.maven.apache.org/maven2/org/apache/maven/maven-parent/37/maven-parent-37.pom
2024-04-14 15:15:50,386 [Worker-19: Creating maven-archetype-quickstart] INFO  o.e.m.c.i.e.AbstractTransferListenerAdapter - Downloading https://repo.maven.apache.org/maven2/org/apache/apache/27/apache-27.pom
2024-04-14 15:15:50,396 [Worker-19: Creating maven-archetype-quickstart] INFO  o.e.m.c.i.e.AbstractTransferListenerAdapter - Downloaded https://repo.maven.apache.org/maven2/org/apache/apache/27/apache-27.pom
2024-04-14 15:15:50,448 [Worker-19: Creating maven-archetype-quickstart] INFO  o.e.m.c.i.e.AbstractTransferListenerAdapter - Downloading https://repo.maven.apache.org/maven2/org/apache/maven/shared/file-management/3.1.0/file-management-3.1.0.pom
2024-04-14 15:15:50,460 [Worker-19: Creating maven-archetype-quickstart] INFO  o.e.m.c.i.e.AbstractTransferListenerAdapter - Downloaded https://repo.maven.apache.org/maven2/org/apache/maven/shared/file-management/3.1.0/file-management-3.1.0.pom
2024-04-14 15:15:50,482 [Worker-19: Creating maven-archetype-quickstart] INFO  o.e.m.c.i.e.AbstractTransferListenerAdapter - Downloading https://repo.maven.apache.org/maven2/org/apache/maven/shared/maven-shared-components/36/maven-shared-components-36.pom
2024-04-14 15:15:50,496 [Worker-19: Creating maven-archetype-quickstart] INFO  o.e.m.c.i.e.AbstractTransferListenerAdapter - Downloaded https://repo.maven.apache.org/maven2/org/apache/maven/shared/maven-shared-components/36/maven-shared-components-36.pom
2024-04-14 15:15:50,535 [Worker-19: Creating maven-archetype-quickstart] INFO  o.e.m.c.i.e.AbstractTransferListenerAdapter - Downloading https://repo.maven.apache.org/maven2/org/slf4j/slf4j-api/1.7.36/slf4j-api-1.7.36.pom
2024-04-14 15:15:50,546 [Worker-19: Creating maven-archetype-quickstart] INFO  o.e.m.c.i.e.AbstractTransferListenerAdapter - Downloaded https://repo.maven.apache.org/maven2/org/slf4j/slf4j-api/1.7.36/slf4j-api-1.7.36.pom
2024-04-14 15:15:50,567 [Worker-19: Creating maven-archetype-quickstart] INFO  o.e.m.c.i.e.AbstractTransferListenerAdapter - Downloading https://repo.maven.apache.org/maven2/org/slf4j/slf4j-parent/1.7.36/slf4j-parent-1.7.36.pom
2024-04-14 15:15:50,580 [Worker-19: Creating maven-archetype-quickstart] INFO  o.e.m.c.i.e.AbstractTransferListenerAdapter - Downloaded https://repo.maven.apache.org/maven2/org/slf4j/slf4j-parent/1.7.36/slf4j-parent-1.7.36.pom
2024-04-14 15:15:50,620 [Worker-19: Creating maven-archetype-quickstart] INFO  o.e.m.c.i.e.AbstractTransferListenerAdapter - Downloading https://repo.maven.apache.org/maven2/commons-io/commons-io/2.11.0/commons-io-2.11.0.pom
2024-04-14 15:15:50,640 [Worker-19: Creating maven-archetype-quickstart] INFO  o.e.m.c.i.e.AbstractTransferListenerAdapter - Downloaded https://repo.maven.apache.org/maven2/commons-io/commons-io/2.11.0/commons-io-2.11.0.pom
2024-04-14 15:15:50,674 [Worker-19: Creating maven-archetype-quickstart] INFO  o.e.m.c.i.e.AbstractTransferListenerAdapter - Downloading https://repo.maven.apache.org/maven2/org/apache/commons/commons-parent/52/commons-parent-52.pom
2024-04-14 15:15:50,702 [Worker-19: Creating maven-archetype-quickstart] INFO  o.e.m.c.i.e.AbstractTransferListenerAdapter - Downloaded https://repo.maven.apache.org/maven2/org/apache/commons/commons-parent/52/commons-parent-52.pom
2024-04-14 15:15:50,749 [Worker-19: Creating maven-archetype-quickstart] INFO  o.e.m.c.i.e.AbstractTransferListenerAdapter - Downloading https://repo.maven.apache.org/maven2/org/junit/junit-bom/5.7.2/junit-bom-5.7.2.pom
2024-04-14 15:15:50,770 [Worker-19: Creating maven-archetype-quickstart] INFO  o.e.m.c.i.e.AbstractTransferListenerAdapter - Downloaded https://repo.maven.apache.org/maven2/org/junit/junit-bom/5.7.2/junit-bom-5.7.2.pom
2024-04-14 15:15:50,805 [Worker-19: Creating maven-archetype-quickstart] INFO  o.e.m.c.i.e.AbstractTransferListenerAdapter - Downloading https://repo.maven.apache.org/maven2/org/apache/maven/maven-archiver/3.6.0/maven-archiver-3.6.0.pom
2024-04-14 15:15:50,824 [Worker-19: Creating maven-archetype-quickstart] INFO  o.e.m.c.i.e.AbstractTransferListenerAdapter - Downloaded https://repo.maven.apache.org/maven2/org/apache/maven/maven-archiver/3.6.0/maven-archiver-3.6.0.pom
2024-04-14 15:15:50,858 [Worker-19: Creating maven-archetype-quickstart] INFO  o.e.m.c.i.e.AbstractTransferListenerAdapter - Downloading https://repo.maven.apache.org/maven2/org/codehaus/plexus/plexus-io/3.4.0/plexus-io-3.4.0.pom
2024-04-14 15:15:50,877 [Worker-19: Creating maven-archetype-quickstart] INFO  o.e.m.c.i.e.AbstractTransferListenerAdapter - Downloaded https://repo.maven.apache.org/maven2/org/codehaus/plexus/plexus-io/3.4.0/plexus-io-3.4.0.pom
2024-04-14 15:15:50,922 [Worker-19: Creating maven-archetype-quickstart] INFO  o.e.m.c.i.e.AbstractTransferListenerAdapter - Downloading https://repo.maven.apache.org/maven2/javax/inject/javax.inject/1/javax.inject-1.pom
2024-04-14 15:15:50,941 [Worker-19: Creating maven-archetype-quickstart] INFO  o.e.m.c.i.e.AbstractTransferListenerAdapter - Downloaded https://repo.maven.apache.org/maven2/javax/inject/javax.inject/1/javax.inject-1.pom
2024-04-14 15:15:50,974 [Worker-19: Creating maven-archetype-quickstart] INFO  o.e.m.c.i.e.AbstractTransferListenerAdapter - Downloading https://repo.maven.apache.org/maven2/org/codehaus/plexus/plexus-archiver/4.4.0/plexus-archiver-4.4.0.pom
2024-04-14 15:15:50,995 [Worker-19: Creating maven-archetype-quickstart] INFO  o.e.m.c.i.e.AbstractTransferListenerAdapter - Downloaded https://repo.maven.apache.org/maven2/org/codehaus/plexus/plexus-archiver/4.4.0/plexus-archiver-4.4.0.pom
2024-04-14 15:15:51,037 [Worker-19: Creating maven-archetype-quickstart] INFO  o.e.m.c.i.e.AbstractTransferListenerAdapter - Downloading https://repo.maven.apache.org/maven2/org/apache/commons/commons-compress/1.21/commons-compress-1.21.pom
2024-04-14 15:15:51,057 [Worker-19: Creating maven-archetype-quickstart] INFO  o.e.m.c.i.e.AbstractTransferListenerAdapter - Downloaded https://repo.maven.apache.org/maven2/org/apache/commons/commons-compress/1.21/commons-compress-1.21.pom
2024-04-14 15:15:51,110 [Worker-19: Creating maven-archetype-quickstart] INFO  o.e.m.c.i.e.AbstractTransferListenerAdapter - Downloading https://repo.maven.apache.org/maven2/org/tukaani/xz/1.9/xz-1.9.pom
2024-04-14 15:15:51,128 [Worker-19: Creating maven-archetype-quickstart] INFO  o.e.m.c.i.e.AbstractTransferListenerAdapter - Downloaded https://repo.maven.apache.org/maven2/org/tukaani/xz/1.9/xz-1.9.pom
2024-04-14 15:15:51,214 [Worker-19: Creating maven-archetype-quickstart] INFO  o.e.m.c.i.e.AbstractTransferListenerAdapter - Downloading https://repo.maven.apache.org/maven2/org/apache/maven/shared/file-management/3.1.0/file-management-3.1.0.jar
2024-04-14 15:15:51,228 [Worker-19: Creating maven-archetype-quickstart] INFO  o.e.m.c.i.e.AbstractTransferListenerAdapter - Downloaded https://repo.maven.apache.org/maven2/org/apache/maven/shared/file-management/3.1.0/file-management-3.1.0.jar
2024-04-14 15:15:51,241 [BasicRepositoryConnector-repo.maven.apache.org-1-0] INFO  o.e.m.c.i.e.AbstractTransferListenerAdapter - Downloading https://repo.maven.apache.org/maven2/org/slf4j/slf4j-api/1.7.36/slf4j-api-1.7.36.jar
2024-04-14 15:15:51,245 [BasicRepositoryConnector-repo.maven.apache.org-1-1] INFO  o.e.m.c.i.e.AbstractTransferListenerAdapter - Downloading https://repo.maven.apache.org/maven2/commons-io/commons-io/2.11.0/commons-io-2.11.0.jar
2024-04-14 15:15:51,251 [BasicRepositoryConnector-repo.maven.apache.org-1-3] INFO  o.e.m.c.i.e.AbstractTransferListenerAdapter - Downloading https://repo.maven.apache.org/maven2/org/codehaus/plexus/plexus-io/3.4.0/plexus-io-3.4.0.jar
2024-04-14 15:15:51,256 [BasicRepositoryConnector-repo.maven.apache.org-1-4] INFO  o.e.m.c.i.e.AbstractTransferListenerAdapter - Downloading https://repo.maven.apache.org/maven2/javax/inject/javax.inject/1/javax.inject-1.jar
2024-04-14 15:15:51,256 [BasicRepositoryConnector-repo.maven.apache.org-1-2] INFO  o.e.m.c.i.e.AbstractTransferListenerAdapter - Downloading https://repo.maven.apache.org/maven2/org/apache/maven/maven-archiver/3.6.0/maven-archiver-3.6.0.jar
2024-04-14 15:15:51,259 [BasicRepositoryConnector-repo.maven.apache.org-1-0] INFO  o.e.m.c.i.e.AbstractTransferListenerAdapter - Downloaded https://repo.maven.apache.org/maven2/org/slf4j/slf4j-api/1.7.36/slf4j-api-1.7.36.jar
2024-04-14 15:15:51,271 [BasicRepositoryConnector-repo.maven.apache.org-1-4] INFO  o.e.m.c.i.e.AbstractTransferListenerAdapter - Downloaded https://repo.maven.apache.org/maven2/javax/inject/javax.inject/1/javax.inject-1.jar
2024-04-14 15:15:51,273 [BasicRepositoryConnector-repo.maven.apache.org-1-3] INFO  o.e.m.c.i.e.AbstractTransferListenerAdapter - Downloaded https://repo.maven.apache.org/maven2/org/codehaus/plexus/plexus-io/3.4.0/plexus-io-3.4.0.jar
2024-04-14 15:15:51,275 [BasicRepositoryConnector-repo.maven.apache.org-1-2] INFO  o.e.m.c.i.e.AbstractTransferListenerAdapter - Downloaded https://repo.maven.apache.org/maven2/org/apache/maven/maven-archiver/3.6.0/maven-archiver-3.6.0.jar
2024-04-14 15:15:51,278 [BasicRepositoryConnector-repo.maven.apache.org-1-0] INFO  o.e.m.c.i.e.AbstractTransferListenerAdapter - Downloading https://repo.maven.apache.org/maven2/org/codehaus/plexus/plexus-archiver/4.4.0/plexus-archiver-4.4.0.jar
2024-04-14 15:15:51,290 [BasicRepositoryConnector-repo.maven.apache.org-1-4] INFO  o.e.m.c.i.e.AbstractTransferListenerAdapter - Downloading https://repo.maven.apache.org/maven2/org/apache/commons/commons-compress/1.21/commons-compress-1.21.jar
2024-04-14 15:15:51,302 [BasicRepositoryConnector-repo.maven.apache.org-1-3] INFO  o.e.m.c.i.e.AbstractTransferListenerAdapter - Downloading https://repo.maven.apache.org/maven2/org/tukaani/xz/1.9/xz-1.9.jar
2024-04-14 15:15:51,360 [BasicRepositoryConnector-repo.maven.apache.org-1-0] INFO  o.e.m.c.i.e.AbstractTransferListenerAdapter - Downloaded https://repo.maven.apache.org/maven2/org/codehaus/plexus/plexus-archiver/4.4.0/plexus-archiver-4.4.0.jar
2024-04-14 15:15:51,363 [BasicRepositoryConnector-repo.maven.apache.org-1-3] INFO  o.e.m.c.i.e.AbstractTransferListenerAdapter - Downloaded https://repo.maven.apache.org/maven2/org/tukaani/xz/1.9/xz-1.9.jar
2024-04-14 15:15:51,363 [BasicRepositoryConnector-repo.maven.apache.org-1-1] INFO  o.e.m.c.i.e.AbstractTransferListenerAdapter - Downloaded https://repo.maven.apache.org/maven2/commons-io/commons-io/2.11.0/commons-io-2.11.0.jar
2024-04-14 15:15:51,391 [BasicRepositoryConnector-repo.maven.apache.org-1-4] INFO  o.e.m.c.i.e.AbstractTransferListenerAdapter - Downloaded https://repo.maven.apache.org/maven2/org/apache/commons/commons-compress/1.21/commons-compress-1.21.jar
2024-04-14 15:15:51,989 [Worker-19: Creating maven-archetype-quickstart] INFO  o.e.m.c.i.e.AbstractTransferListenerAdapter - Downloading https://repo.maven.apache.org/maven2/org/codehaus/plexus/plexus-utils/3.5.1/plexus-utils-3.5.1.pom
2024-04-14 15:15:51,997 [Worker-19: Creating maven-archetype-quickstart] INFO  o.e.m.c.i.e.AbstractTransferListenerAdapter - Downloaded https://repo.maven.apache.org/maven2/org/codehaus/plexus/plexus-utils/3.5.1/plexus-utils-3.5.1.pom
2024-04-14 15:15:52,015 [Worker-19: Creating maven-archetype-quickstart] INFO  o.e.m.c.i.e.AbstractTransferListenerAdapter - Downloading https://repo.maven.apache.org/maven2/org/apache/maven/shared/maven-filtering/3.3.1/maven-filtering-3.3.1.pom
2024-04-14 15:15:52,023 [Worker-19: Creating maven-archetype-quickstart] INFO  o.e.m.c.i.e.AbstractTransferListenerAdapter - Downloaded https://repo.maven.apache.org/maven2/org/apache/maven/shared/maven-filtering/3.3.1/maven-filtering-3.3.1.pom
2024-04-14 15:15:52,040 [Worker-19: Creating maven-archetype-quickstart] INFO  o.e.m.c.i.e.AbstractTransferListenerAdapter - Downloading https://repo.maven.apache.org/maven2/org/apache/maven/shared/maven-shared-components/39/maven-shared-components-39.pom
2024-04-14 15:15:52,049 [Worker-19: Creating maven-archetype-quickstart] INFO  o.e.m.c.i.e.AbstractTransferListenerAdapter - Downloaded https://repo.maven.apache.org/maven2/org/apache/maven/shared/maven-shared-components/39/maven-shared-components-39.pom
2024-04-14 15:15:52,116 [Worker-19: Creating maven-archetype-quickstart] INFO  o.e.m.c.i.e.AbstractTransferListenerAdapter - Downloading https://repo.maven.apache.org/maven2/org/apache/commons/commons-lang3/3.12.0/commons-lang3-3.12.0.pom
2024-04-14 15:15:52,137 [Worker-19: Creating maven-archetype-quickstart] INFO  o.e.m.c.i.e.AbstractTransferListenerAdapter - Downloaded https://repo.maven.apache.org/maven2/org/apache/commons/commons-lang3/3.12.0/commons-lang3-3.12.0.pom
2024-04-14 15:15:52,180 [Worker-19: Creating maven-archetype-quickstart] INFO  o.e.m.c.i.e.AbstractTransferListenerAdapter - Downloading https://repo.maven.apache.org/maven2/org/junit/junit-bom/5.7.1/junit-bom-5.7.1.pom
2024-04-14 15:15:52,198 [Worker-19: Creating maven-archetype-quickstart] INFO  o.e.m.c.i.e.AbstractTransferListenerAdapter - Downloaded https://repo.maven.apache.org/maven2/org/junit/junit-bom/5.7.1/junit-bom-5.7.1.pom
2024-04-14 15:15:52,312 [Worker-19: Creating maven-archetype-quickstart] INFO  o.e.m.c.i.e.AbstractTransferListenerAdapter - Downloading https://repo.maven.apache.org/maven2/org/codehaus/plexus/plexus-utils/3.5.1/plexus-utils-3.5.1.jar
2024-04-14 15:15:52,357 [Worker-19: Creating maven-archetype-quickstart] INFO  o.e.m.c.i.e.AbstractTransferListenerAdapter - Downloaded https://repo.maven.apache.org/maven2/org/codehaus/plexus/plexus-utils/3.5.1/plexus-utils-3.5.1.jar
2024-04-14 15:15:52,373 [BasicRepositoryConnector-repo.maven.apache.org-2-1] INFO  o.e.m.c.i.e.AbstractTransferListenerAdapter - Downloading https://repo.maven.apache.org/maven2/org/apache/commons/commons-lang3/3.12.0/commons-lang3-3.12.0.jar
2024-04-14 15:15:52,383 [BasicRepositoryConnector-repo.maven.apache.org-2-0] INFO  o.e.m.c.i.e.AbstractTransferListenerAdapter - Downloading https://repo.maven.apache.org/maven2/org/apache/maven/shared/maven-filtering/3.3.1/maven-filtering-3.3.1.jar
2024-04-14 15:15:52,421 [BasicRepositoryConnector-repo.maven.apache.org-2-0] INFO  o.e.m.c.i.e.AbstractTransferListenerAdapter - Downloaded https://repo.maven.apache.org/maven2/org/apache/maven/shared/maven-filtering/3.3.1/maven-filtering-3.3.1.jar
2024-04-14 15:15:52,460 [BasicRepositoryConnector-repo.maven.apache.org-2-1] INFO  o.e.m.c.i.e.AbstractTransferListenerAdapter - Downloaded https://repo.maven.apache.org/maven2/org/apache/commons/commons-lang3/3.12.0/commons-lang3-3.12.0.jar
2024-04-14 15:15:52,601 [Worker-19: Creating maven-archetype-quickstart] INFO  o.e.m.j.i.AbstractJavaProjectConfigurator - Adding source folder /springcore/src/main/java
2024-04-14 15:15:52,607 [Worker-19: Creating maven-archetype-quickstart] INFO  o.e.m.j.i.AbstractJavaProjectConfigurator - Adding resource folder /springcore/src/main/resources
2024-04-14 15:15:52,639 [Worker-19: Creating maven-archetype-quickstart] INFO  o.e.m.j.i.AbstractJavaProjectConfigurator - Adding source folder /springcore/src/test/java
2024-04-14 15:15:52,642 [Worker-19: Creating maven-archetype-quickstart] INFO  o.e.m.j.i.AbstractJavaProjectConfigurator - Adding resource folder /springcore/src/test/resources
2024-04-14 15:15:53,768 [Worker-19: Creating maven-archetype-quickstart] INFO  o.e.m.c.i.p.ProjectConfigurationManager - Imported and configured 1 project(s) in 6 sec
2024-04-14 15:15:55,084 [Worker-7: Building] INFO  o.a.m.s.f.DefaultMavenResourcesFiltering - skip non existing resourceDirectory D:\Spring Framework\springcore\src\main\resources
2024-04-14 15:15:55,091 [Worker-7: Building] INFO  o.a.m.s.f.DefaultMavenResourcesFiltering - skip non existing resourceDirectory D:\Spring Framework\springcore\src\test\resources
2024-04-14 15:19:00,582 [Worker-5: Loading available Gradle versions] INFO  o.e.b.c.i.u.g.PublishedGradleVersions - Gradle version information cache is up-to-date. Trying to read.
2024-04-14 23:25:10,611 [Worker-0: Loading available Gradle versions] INFO  o.e.b.c.i.u.g.PublishedGradleVersions - Gradle version information cache is up-to-date. Trying to read.
2024-04-14 23:26:40,041 [Worker-10: Building] INFO  o.e.m.c.i.l.LifecycleMappingFactory - Using org.eclipse.m2e.jdt.JarLifecycleMapping lifecycle mapping for MavenProject: springcore:springcore:0.0.1-SNAPSHOT @ D:\Spring Framework\springcore\pom.xml.
2024-04-14 23:26:41,683 [Worker-10: Building] INFO  o.a.m.s.f.DefaultMavenResourcesFiltering - skip non existing resourceDirectory D:\Spring Framework\springcore\src\main\resources
2024-04-14 23:26:41,690 [Worker-10: Building] INFO  o.a.m.s.f.DefaultMavenResourcesFiltering - skip non existing resourceDirectory D:\Spring Framework\springcore\src\test\resources
2024-04-14 23:26:42,952 [Worker-21: Building] INFO  o.a.m.s.f.DefaultMavenResourcesFiltering - skip non existing resourceDirectory D:\Spring Framework\springcore\src\main\resources
2024-04-14 23:26:42,956 [Worker-21: Building] INFO  o.a.m.s.f.DefaultMavenResourcesFiltering - skip non existing resourceDirectory D:\Spring Framework\springcore\src\test\resources
2024-04-14 23:27:05,863 [Worker-16: Building] INFO  o.e.m.c.i.l.LifecycleMappingFactory - Using org.eclipse.m2e.jdt.JarLifecycleMapping lifecycle mapping for MavenProject: springcore:springcore:0.0.1-SNAPSHOT @ D:\Spring Framework\springcore\pom.xml.
2024-04-14 23:27:06,476 [Worker-16: Building] INFO  o.a.m.s.f.DefaultMavenResourcesFiltering - skip non existing resourceDirectory D:\Spring Framework\springcore\src\main\resources
2024-04-14 23:27:06,483 [Worker-16: Building] INFO  o.a.m.s.f.DefaultMavenResourcesFiltering - skip non existing resourceDirectory D:\Spring Framework\springcore\src\test\resources
2024-04-14 23:27:08,140 [Worker-21: Building] INFO  o.a.m.s.f.DefaultMavenResourcesFiltering - skip non existing resourceDirectory D:\Spring Framework\springcore\src\main\resources
2024-04-14 23:27:08,143 [Worker-21: Building] INFO  o.a.m.s.f.DefaultMavenResourcesFiltering - skip non existing resourceDirectory D:\Spring Framework\springcore\src\test\resources
2024-04-14 23:31:16,171 [Worker-24: Updating Maven Project] INFO  o.e.m.c.i.p.ProjectConfigurationManager - Update started
2024-04-14 23:31:16,678 [Worker-24: Updating Maven Project] INFO  o.e.m.c.i.l.LifecycleMappingFactory - Using org.eclipse.m2e.jdt.JarLifecycleMapping lifecycle mapping for MavenProject: springcore:springcore:0.0.1-SNAPSHOT @ D:\Spring Framework\springcore\pom.xml.
2024-04-14 23:31:17,165 [Worker-24: Updating Maven Project] INFO  o.e.m.j.i.AbstractJavaProjectConfigurator - Adding source folder /springcore/src/main/java
2024-04-14 23:31:17,169 [Worker-24: Updating Maven Project] INFO  o.e.m.j.i.AbstractJavaProjectConfigurator - Adding resource folder /springcore/src/main/resources
2024-04-14 23:31:17,173 [Worker-24: Updating Maven Project] INFO  o.e.m.j.i.AbstractJavaProjectConfigurator - Adding source folder /springcore/src/test/java
2024-04-14 23:31:17,175 [Worker-24: Updating Maven Project] INFO  o.e.m.j.i.AbstractJavaProjectConfigurator - Adding resource folder /springcore/src/test/resources
2024-04-14 23:31:17,452 [Worker-24: Updating Maven Project] INFO  o.e.m.c.i.p.ProjectConfigurationManager - Update completed for 1 poms: local refresh takes 0.00 sec, refresh facades takes 0.00 sec, update config takes 0.00 sec 
2024-04-14 23:31:17,741 [Worker-24: Building] INFO  o.a.m.s.f.DefaultMavenResourcesFiltering - skip non existing resourceDirectory D:\Spring Framework\springcore\src\main\resources
2024-04-14 23:31:17,748 [Worker-24: Building] INFO  o.a.m.s.f.DefaultMavenResourcesFiltering - skip non existing resourceDirectory D:\Spring Framework\springcore\src\test\resources
2024-04-14 23:32:57,867 [Worker-2: Building] INFO  o.a.m.s.f.DefaultMavenResourcesFiltering - skip non existing resourceDirectory D:\Spring Framework\springcore\src\main\resources
2024-04-14 23:32:57,872 [Worker-2: Building] INFO  o.a.m.s.f.DefaultMavenResourcesFiltering - skip non existing resourceDirectory D:\Spring Framework\springcore\src\test\resources
2024-04-14 23:35:11,082 [Worker-29: Building] INFO  o.a.m.s.f.DefaultMavenResourcesFiltering - skip non existing resourceDirectory D:\Spring Framework\springcore\src\main\resources
2024-04-14 23:35:11,091 [Worker-29: Building] INFO  o.a.m.s.f.DefaultMavenResourcesFiltering - skip non existing resourceDirectory D:\Spring Framework\springcore\src\test\resources
2024-04-14 23:35:46,233 [Worker-28: Building] INFO  o.a.m.s.f.DefaultMavenResourcesFiltering - skip non existing resourceDirectory D:\Spring Framework\springcore\src\main\resources
2024-04-14 23:35:46,240 [Worker-28: Building] INFO  o.a.m.s.f.DefaultMavenResourcesFiltering - skip non existing resourceDirectory D:\Spring Framework\springcore\src\test\resources
2024-04-14 23:36:47,558 [Worker-30: Building] INFO  o.a.m.s.f.DefaultMavenResourcesFiltering - skip non existing resourceDirectory D:\Spring Framework\springcore\src\main\resources
2024-04-14 23:36:47,564 [Worker-30: Building] INFO  o.a.m.s.f.DefaultMavenResourcesFiltering - skip non existing resourceDirectory D:\Spring Framework\springcore\src\test\resources
2024-04-14 23:37:54,233 [Worker-29: Building] INFO  o.a.m.s.f.DefaultMavenResourcesFiltering - skip non existing resourceDirectory D:\Spring Framework\springcore\src\main\resources
2024-04-14 23:37:54,238 [Worker-29: Building] INFO  o.a.m.s.f.DefaultMavenResourcesFiltering - skip non existing resourceDirectory D:\Spring Framework\springcore\src\test\resources
2024-04-14 23:38:46,740 [Worker-28: Building] INFO  o.a.m.s.f.DefaultMavenResourcesFiltering - skip non existing resourceDirectory D:\Spring Framework\springcore\src\main\resources
2024-04-14 23:38:46,746 [Worker-28: Building] INFO  o.a.m.s.f.DefaultMavenResourcesFiltering - skip non existing resourceDirectory D:\Spring Framework\springcore\src\test\resources
2024-04-14 23:46:18,252 [Worker-32: Building] INFO  o.a.m.s.f.DefaultMavenResourcesFiltering - skip non existing resourceDirectory D:\Spring Framework\springcore\src\main\resources
2024-04-14 23:46:18,255 [Worker-32: Building] INFO  o.a.m.s.f.DefaultMavenResourcesFiltering - skip non existing resourceDirectory D:\Spring Framework\springcore\src\test\resources
2024-04-14 23:49:02,534 [Worker-34: Download sources and javadoc] INFO  o.e.m.j.internal.DownloadSourcesJob - Downloaded sources for org.springframework:spring-core:6.1.4
2024-04-14 23:49:03,976 [Worker-34: Download sources and javadoc] INFO  o.e.m.c.i.e.AbstractTransferListenerAdapter - Downloading https://repo.maven.apache.org/maven2/org/springframework/spring-core/6.1.4/spring-core-6.1.4-javadoc.jar
2024-04-14 23:49:04,426 [Worker-34: Download sources and javadoc] INFO  o.e.m.c.i.e.AbstractTransferListenerAdapter - Downloaded https://repo.maven.apache.org/maven2/org/springframework/spring-core/6.1.4/spring-core-6.1.4-javadoc.jar
2024-04-14 23:49:04,441 [Worker-34: Download sources and javadoc] INFO  o.e.m.j.internal.DownloadSourcesJob - Downloaded javadoc for org.springframework:spring-core:6.1.4
2024-04-14 23:49:04,457 [Worker-34: Download sources and javadoc] INFO  o.e.m.j.internal.DownloadSourcesJob - Downloaded sources for org.springframework:spring-jcl:6.1.4
2024-04-14 23:49:04,503 [Worker-34: Download sources and javadoc] INFO  o.e.m.c.i.e.AbstractTransferListenerAdapter - Downloading https://repo.maven.apache.org/maven2/org/springframework/spring-jcl/6.1.4/spring-jcl-6.1.4-javadoc.jar
2024-04-14 23:49:04,533 [Worker-34: Download sources and javadoc] INFO  o.e.m.c.i.e.AbstractTransferListenerAdapter - Downloaded https://repo.maven.apache.org/maven2/org/springframework/spring-jcl/6.1.4/spring-jcl-6.1.4-javadoc.jar
2024-04-14 23:49:04,543 [Worker-34: Download sources and javadoc] INFO  o.e.m.j.internal.DownloadSourcesJob - Downloaded javadoc for org.springframework:spring-jcl:6.1.4
2024-04-14 23:49:04,555 [Worker-34: Download sources and javadoc] INFO  o.e.m.j.internal.DownloadSourcesJob - Downloaded sources for org.springframework:spring-context:6.1.4
2024-04-14 23:49:04,593 [Worker-34: Download sources and javadoc] INFO  o.e.m.c.i.e.AbstractTransferListenerAdapter - Downloading https://repo.maven.apache.org/maven2/org/springframework/spring-context/6.1.4/spring-context-6.1.4-javadoc.jar
2024-04-14 23:49:05,038 [Worker-34: Download sources and javadoc] INFO  o.e.m.c.i.e.AbstractTransferListenerAdapter - Downloaded https://repo.maven.apache.org/maven2/org/springframework/spring-context/6.1.4/spring-context-6.1.4-javadoc.jar
2024-04-14 23:49:05,051 [Worker-34: Download sources and javadoc] INFO  o.e.m.j.internal.DownloadSourcesJob - Downloaded javadoc for org.springframework:spring-context:6.1.4
2024-04-14 23:49:05,062 [Worker-34: Download sources and javadoc] INFO  o.e.m.j.internal.DownloadSourcesJob - Downloaded sources for org.springframework:spring-aop:6.1.4
2024-04-14 23:49:05,096 [Worker-34: Download sources and javadoc] INFO  o.e.m.c.i.e.AbstractTransferListenerAdapter - Downloading https://repo.maven.apache.org/maven2/org/springframework/spring-aop/6.1.4/spring-aop-6.1.4-javadoc.jar
2024-04-14 23:49:05,247 [Worker-34: Download sources and javadoc] INFO  o.e.m.c.i.e.AbstractTransferListenerAdapter - Downloaded https://repo.maven.apache.org/maven2/org/springframework/spring-aop/6.1.4/spring-aop-6.1.4-javadoc.jar
2024-04-14 23:49:05,256 [Worker-34: Download sources and javadoc] INFO  o.e.m.j.internal.DownloadSourcesJob - Downloaded javadoc for org.springframework:spring-aop:6.1.4
2024-04-14 23:49:05,265 [Worker-34: Download sources and javadoc] INFO  o.e.m.j.internal.DownloadSourcesJob - Downloaded sources for org.springframework:spring-beans:6.1.4
2024-04-14 23:49:05,301 [Worker-34: Download sources and javadoc] INFO  o.e.m.c.i.e.AbstractTransferListenerAdapter - Downloading https://repo.maven.apache.org/maven2/org/springframework/spring-beans/6.1.4/spring-beans-6.1.4-javadoc.jar
2024-04-14 23:49:05,549 [Worker-34: Download sources and javadoc] INFO  o.e.m.c.i.e.AbstractTransferListenerAdapter - Downloaded https://repo.maven.apache.org/maven2/org/springframework/spring-beans/6.1.4/spring-beans-6.1.4-javadoc.jar
2024-04-14 23:49:05,571 [Worker-34: Download sources and javadoc] INFO  o.e.m.j.internal.DownloadSourcesJob - Downloaded javadoc for org.springframework:spring-beans:6.1.4
2024-04-14 23:49:05,592 [Worker-34: Download sources and javadoc] INFO  o.e.m.j.internal.DownloadSourcesJob - Downloaded sources for org.springframework:spring-expression:6.1.4
2024-04-14 23:49:05,660 [Worker-34: Download sources and javadoc] INFO  o.e.m.c.i.e.AbstractTransferListenerAdapter - Downloading https://repo.maven.apache.org/maven2/org/springframework/spring-expression/6.1.4/spring-expression-6.1.4-javadoc.jar
2024-04-14 23:49:05,764 [Worker-34: Download sources and javadoc] INFO  o.e.m.c.i.e.AbstractTransferListenerAdapter - Downloaded https://repo.maven.apache.org/maven2/org/springframework/spring-expression/6.1.4/spring-expression-6.1.4-javadoc.jar
2024-04-14 23:49:05,773 [Worker-34: Download sources and javadoc] INFO  o.e.m.j.internal.DownloadSourcesJob - Downloaded javadoc for org.springframework:spring-expression:6.1.4
2024-04-14 23:49:05,781 [Worker-34: Download sources and javadoc] INFO  o.e.m.j.internal.DownloadSourcesJob - Downloaded sources for io.micrometer:micrometer-observation:1.12.3
2024-04-14 23:49:05,825 [Worker-34: Download sources and javadoc] INFO  o.e.m.c.i.e.AbstractTransferListenerAdapter - Downloading https://repo.maven.apache.org/maven2/io/micrometer/micrometer-observation/1.12.3/micrometer-observation-1.12.3-javadoc.jar
2024-04-14 23:49:05,861 [Worker-34: Download sources and javadoc] INFO  o.e.m.c.i.e.AbstractTransferListenerAdapter - Downloaded https://repo.maven.apache.org/maven2/io/micrometer/micrometer-observation/1.12.3/micrometer-observation-1.12.3-javadoc.jar
2024-04-14 23:49:05,870 [Worker-34: Download sources and javadoc] INFO  o.e.m.j.internal.DownloadSourcesJob - Downloaded javadoc for io.micrometer:micrometer-observation:1.12.3
2024-04-14 23:49:05,878 [Worker-34: Download sources and javadoc] INFO  o.e.m.j.internal.DownloadSourcesJob - Downloaded sources for io.micrometer:micrometer-commons:1.12.3
2024-04-14 23:49:05,929 [Worker-34: Download sources and javadoc] INFO  o.e.m.c.i.e.AbstractTransferListenerAdapter - Downloading https://repo.maven.apache.org/maven2/io/micrometer/micrometer-commons/1.12.3/micrometer-commons-1.12.3-javadoc.jar
2024-04-14 23:49:05,961 [Worker-34: Download sources and javadoc] INFO  o.e.m.c.i.e.AbstractTransferListenerAdapter - Downloaded https://repo.maven.apache.org/maven2/io/micrometer/micrometer-commons/1.12.3/micrometer-commons-1.12.3-javadoc.jar
2024-04-14 23:49:05,969 [Worker-34: Download sources and javadoc] INFO  o.e.m.j.internal.DownloadSourcesJob - Downloaded javadoc for io.micrometer:micrometer-commons:1.12.3
2024-04-14 23:49:05,974 [Worker-34: Download sources and javadoc] INFO  o.e.m.j.internal.DownloadSourcesJob - Downloaded sources for junit:junit:3.8.1
2024-04-14 23:49:06,233 [Worker-34: Download sources and javadoc] INFO  o.e.m.c.i.e.AbstractTransferListenerAdapter - Downloaded https://repo.maven.apache.org/maven2/junit/junit/3.8.1/junit-3.8.1-javadoc.jar
2024-04-14 23:49:06,247 [Worker-34: Download sources and javadoc] ERROR o.e.m.j.internal.DownloadSourcesJob - Could not download javadoc for junit:junit:3.8.1
org.eclipse.core.runtime.CoreException: Could not resolve artifact junit:junit:jar:javadoc:3.8.1
	at org.eclipse.m2e.core.internal.embedder.MavenImpl.lambda$7(MavenImpl.java:540)
	at org.eclipse.m2e.core.internal.embedder.MavenExecutionContext.executeBare(MavenExecutionContext.java:458)
	at org.eclipse.m2e.core.internal.embedder.MavenExecutionContext.execute(MavenExecutionContext.java:292)
	at org.eclipse.m2e.core.internal.embedder.MavenExecutionContext.execute(MavenExecutionContext.java:278)
	at org.eclipse.m2e.core.internal.embedder.MavenImpl.resolve(MavenImpl.java:509)
	at org.eclipse.m2e.core.internal.embedder.MavenImpl.resolve(MavenImpl.java:494)
	at org.eclipse.m2e.jdt.internal.DownloadSourcesJob.download(DownloadSourcesJob.java:308)
	at org.eclipse.m2e.jdt.internal.DownloadSourcesJob.downloadAttachments(DownloadSourcesJob.java:294)
	at org.eclipse.m2e.jdt.internal.DownloadSourcesJob.downloadMaven(DownloadSourcesJob.java:252)
	at org.eclipse.m2e.jdt.internal.DownloadSourcesJob.downloadFilesAndPopulateToUpdate(DownloadSourcesJob.java:220)
	at org.eclipse.m2e.jdt.internal.DownloadSourcesJob.lambda$0(DownloadSourcesJob.java:149)
	at org.eclipse.m2e.core.internal.embedder.MavenExecutionContext.executeBare(MavenExecutionContext.java:458)
	at org.eclipse.m2e.core.internal.embedder.MavenExecutionContext.execute(MavenExecutionContext.java:339)
	at org.eclipse.m2e.core.internal.embedder.MavenExecutionContext.execute(MavenExecutionContext.java:278)
	at org.eclipse.m2e.core.embedder.IMaven.execute(IMaven.java:300)
	at org.eclipse.m2e.jdt.internal.DownloadSourcesJob.run(DownloadSourcesJob.java:149)
	at org.eclipse.core.internal.jobs.Worker.run(Worker.java:63)
2024-04-14 23:50:10,004 [Worker-35: Building] INFO  o.a.m.s.f.DefaultMavenResourcesFiltering - skip non existing resourceDirectory D:\Spring Framework\springcore\src\main\resources
2024-04-14 23:50:10,010 [Worker-35: Building] INFO  o.a.m.s.f.DefaultMavenResourcesFiltering - skip non existing resourceDirectory D:\Spring Framework\springcore\src\test\resources
2024-04-14 23:52:57,208 [Worker-28: Building] INFO  o.a.m.s.f.DefaultMavenResourcesFiltering - skip non existing resourceDirectory D:\Spring Framework\springcore\src\main\resources
2024-04-14 23:52:57,213 [Worker-28: Building] INFO  o.a.m.s.f.DefaultMavenResourcesFiltering - skip non existing resourceDirectory D:\Spring Framework\springcore\src\test\resources
2024-04-14 23:54:28,857 [Worker-31: Building] INFO  o.a.m.s.f.DefaultMavenResourcesFiltering - skip non existing resourceDirectory D:\Spring Framework\springcore\src\main\resources
2024-04-14 23:54:28,861 [Worker-31: Building] INFO  o.a.m.s.f.DefaultMavenResourcesFiltering - skip non existing resourceDirectory D:\Spring Framework\springcore\src\test\resources
2024-04-14 23:55:51,376 [Start Help Server] INFO  org.eclipse.jetty.server.Server - jetty-12.0.6; built: 2024-01-30T02:43:24.387Z; git: 78ab6e6ba163f89cdd97f2ae0283fbb5e371cfaf; jvm 18.0.1+10-24
2024-04-14 23:55:51,498 [Start Help Server] INFO  o.e.j.server.handler.ContextHandler - Started oeje8n.ContextHandler$CoreContextHandler@8d57ed2{/help,/help,b=null,a=AVAILABLE,h=oeje8n.ContextHandler$CoreContextHandler$CoreToNestedHandler@7c3fc364{STARTED}}
2024-04-14 23:55:51,500 [Start Help Server] INFO  o.e.j.s.DefaultSessionIdManager - Session workerName=node0
2024-04-14 23:55:51,562 [Start Help Server] INFO  o.e.jetty.server.AbstractConnector - Started ServerConnector@15db56b7{HTTP/1.1, (http/1.1)}{127.0.0.1:58811}
2024-04-14 23:55:51,613 [Start Help Server] INFO  org.eclipse.jetty.server.Server - Started oejs.Server@1255d8cb{STARTING}[12.0.6,sto=0] @1873209ms
2024-04-14 23:56:48,246 [Worker-35: Building] INFO  o.a.m.s.f.DefaultMavenResourcesFiltering - skip non existing resourceDirectory D:\Spring Framework\springcore\src\main\resources
2024-04-14 23:56:48,248 [Worker-35: Building] INFO  o.a.m.s.f.DefaultMavenResourcesFiltering - skip non existing resourceDirectory D:\Spring Framework\springcore\src\test\resources
2024-04-14 23:57:22,573 [Worker-28: Building] INFO  o.a.m.s.f.DefaultMavenResourcesFiltering - skip non existing resourceDirectory D:\Spring Framework\springcore\src\main\resources
2024-04-14 23:57:22,578 [Worker-28: Building] INFO  o.a.m.s.f.DefaultMavenResourcesFiltering - skip non existing resourceDirectory D:\Spring Framework\springcore\src\test\resources
2024-04-14 23:58:51,203 [Worker-34: Building] INFO  o.a.m.s.f.DefaultMavenResourcesFiltering - skip non existing resourceDirectory D:\Spring Framework\springcore\src\main\resources
2024-04-14 23:58:51,208 [Worker-34: Building] INFO  o.a.m.s.f.DefaultMavenResourcesFiltering - skip non existing resourceDirectory D:\Spring Framework\springcore\src\test\resources
2024-04-15 00:08:06,934 [Worker-50: Updating Maven Project] INFO  o.e.m.c.i.p.ProjectConfigurationManager - Update started
2024-04-15 00:08:07,503 [Worker-50: Updating Maven Project] INFO  o.e.m.c.i.l.LifecycleMappingFactory - Using org.eclipse.m2e.jdt.JarLifecycleMapping lifecycle mapping for MavenProject: springcore:springcore:0.0.1-SNAPSHOT @ D:\Spring Framework\springcore\pom.xml.
2024-04-15 00:08:08,116 [Worker-50: Updating Maven Project] INFO  o.e.m.j.i.AbstractJavaProjectConfigurator - Adding source folder /springcore/src/main/java
2024-04-15 00:08:08,117 [Worker-50: Updating Maven Project] INFO  o.e.m.j.i.AbstractJavaProjectConfigurator - Adding resource folder /springcore/src/main/resources
2024-04-15 00:08:08,118 [Worker-50: Updating Maven Project] INFO  o.e.m.j.i.AbstractJavaProjectConfigurator - Adding source folder /springcore/src/test/java
2024-04-15 00:08:08,119 [Worker-50: Updating Maven Project] INFO  o.e.m.j.i.AbstractJavaProjectConfigurator - Adding resource folder /springcore/src/test/resources
2024-04-15 00:08:08,273 [Worker-50: Updating Maven Project] INFO  o.e.m.c.i.p.ProjectConfigurationManager - Update completed for 1 poms: local refresh takes 0.00 sec, refresh facades takes 0.00 sec, update config takes 0.00 sec 
2024-04-15 00:08:08,528 [Worker-48: Building] INFO  o.a.m.s.f.DefaultMavenResourcesFiltering - skip non existing resourceDirectory D:\Spring Framework\springcore\src\main\resources
2024-04-15 00:08:08,534 [Worker-48: Building] INFO  o.a.m.s.f.DefaultMavenResourcesFiltering - skip non existing resourceDirectory D:\Spring Framework\springcore\src\test\resources
2024-04-15 00:09:14,416 [Worker-39: Building] INFO  o.a.m.s.f.DefaultMavenResourcesFiltering - skip non existing resourceDirectory D:\Spring Framework\springcore\src\main\resources
2024-04-15 00:09:14,419 [Worker-39: Building] INFO  o.a.m.s.f.DefaultMavenResourcesFiltering - skip non existing resourceDirectory D:\Spring Framework\springcore\src\test\resources
2024-04-15 00:36:49,347 [Stop Help Server] INFO  org.eclipse.jetty.server.Server - Stopped oejs.Server@1255d8cb{STOPPING}[12.0.6,sto=0]
2024-04-15 00:36:49,363 [Stop Help Server] INFO  o.e.jetty.server.AbstractConnector - Stopped ServerConnector@15db56b7{HTTP/1.1, (http/1.1)}{127.0.0.1:0}
2024-04-15 12:02:59,970 [Worker-6: Loading available Gradle versions] INFO  o.e.b.c.i.u.g.PublishedGradleVersions - Gradle version information cache is out-of-date. Trying to update.
2024-04-15 12:06:53,234 [Worker-24: Building] INFO  o.a.m.s.f.DefaultMavenResourcesFiltering - skip non existing resourceDirectory D:\Spring Framework\springcore\src\main\resources
2024-04-15 12:06:53,254 [Worker-24: Building] INFO  o.a.m.s.f.DefaultMavenResourcesFiltering - skip non existing resourceDirectory D:\Spring Framework\springcore\src\test\resources
2024-04-15 12:10:49,524 [Worker-26: Building] INFO  o.a.m.s.f.DefaultMavenResourcesFiltering - skip non existing resourceDirectory D:\Spring Framework\springcore\src\main\resources
2024-04-15 12:10:49,532 [Worker-26: Building] INFO  o.a.m.s.f.DefaultMavenResourcesFiltering - skip non existing resourceDirectory D:\Spring Framework\springcore\src\test\resources
2024-04-15 12:11:15,429 [Worker-9: Building] INFO  o.a.m.s.f.DefaultMavenResourcesFiltering - skip non existing resourceDirectory D:\Spring Framework\springcore\src\main\resources
2024-04-15 12:11:15,434 [Worker-9: Building] INFO  o.a.m.s.f.DefaultMavenResourcesFiltering - skip non existing resourceDirectory D:\Spring Framework\springcore\src\test\resources
2024-04-15 12:11:43,510 [Start Help Server] INFO  org.eclipse.jetty.server.Server - jetty-12.0.6; built: 2024-01-30T02:43:24.387Z; git: 78ab6e6ba163f89cdd97f2ae0283fbb5e371cfaf; jvm 18.0.1+10-24
2024-04-15 12:11:43,580 [Start Help Server] INFO  o.e.j.server.handler.ContextHandler - Started oeje8n.ContextHandler$CoreContextHandler@a6b1f62{/help,/help,b=null,a=AVAILABLE,h=oeje8n.ContextHandler$CoreContextHandler$CoreToNestedHandler@28dc3aaf{STARTED}}
2024-04-15 12:11:43,581 [Start Help Server] INFO  o.e.j.s.DefaultSessionIdManager - Session workerName=node0
2024-04-15 12:11:43,620 [Start Help Server] INFO  o.e.jetty.server.AbstractConnector - Started ServerConnector@37b567f3{HTTP/1.1, (http/1.1)}{127.0.0.1:63463}
2024-04-15 12:11:43,654 [Start Help Server] INFO  org.eclipse.jetty.server.Server - Started oejs.Server@66d72c91{STARTING}[12.0.6,sto=0] @552343ms
2024-04-15 12:12:03,204 [Worker-26: Building] INFO  o.a.m.s.f.DefaultMavenResourcesFiltering - skip non existing resourceDirectory D:\Spring Framework\springcore\src\main\resources
2024-04-15 12:12:03,215 [Worker-26: Building] INFO  o.a.m.s.f.DefaultMavenResourcesFiltering - skip non existing resourceDirectory D:\Spring Framework\springcore\src\test\resources
2024-04-15 12:12:46,092 [Worker-28: Building] INFO  o.a.m.s.f.DefaultMavenResourcesFiltering - skip non existing resourceDirectory D:\Spring Framework\springcore\src\main\resources
2024-04-15 12:12:46,097 [Worker-28: Building] INFO  o.a.m.s.f.DefaultMavenResourcesFiltering - skip non existing resourceDirectory D:\Spring Framework\springcore\src\test\resources
2024-04-15 12:13:49,448 [Worker-25: Launching App] INFO  o.a.m.s.f.DefaultMavenResourcesFiltering - skip non existing resourceDirectory D:\Spring Framework\springcore\src\main\resources
2024-04-15 12:13:49,454 [Worker-25: Launching App] INFO  o.a.m.s.f.DefaultMavenResourcesFiltering - skip non existing resourceDirectory D:\Spring Framework\springcore\src\test\resources
2024-04-15 12:14:04,180 [Worker-26: Launching App] INFO  o.a.m.s.f.DefaultMavenResourcesFiltering - skip non existing resourceDirectory D:\Spring Framework\springcore\src\main\resources
2024-04-15 12:14:04,182 [Worker-26: Launching App] INFO  o.a.m.s.f.DefaultMavenResourcesFiltering - skip non existing resourceDirectory D:\Spring Framework\springcore\src\test\resources
2024-04-15 12:14:56,226 [Worker-9: Building] INFO  o.a.m.s.f.DefaultMavenResourcesFiltering - skip non existing resourceDirectory D:\Spring Framework\springcore\src\main\resources
2024-04-15 12:14:56,229 [Worker-9: Building] INFO  o.a.m.s.f.DefaultMavenResourcesFiltering - skip non existing resourceDirectory D:\Spring Framework\springcore\src\test\resources
2024-04-15 12:16:29,114 [Worker-28: Building] INFO  o.a.m.s.f.DefaultMavenResourcesFiltering - skip non existing resourceDirectory D:\Spring Framework\springcore\src\main\resources
2024-04-15 12:16:29,119 [Worker-28: Building] INFO  o.a.m.s.f.DefaultMavenResourcesFiltering - skip non existing resourceDirectory D:\Spring Framework\springcore\src\test\resources
2024-04-15 12:20:38,000 [Worker-26: Building] INFO  o.a.m.s.f.DefaultMavenResourcesFiltering - skip non existing resourceDirectory D:\Spring Framework\springcore\src\main\resources
2024-04-15 12:20:38,004 [Worker-26: Building] INFO  o.a.m.s.f.DefaultMavenResourcesFiltering - skip non existing resourceDirectory D:\Spring Framework\springcore\src\test\resources
2024-04-15 12:26:57,620 [Worker-35: Building] INFO  o.a.m.s.f.DefaultMavenResourcesFiltering - skip non existing resourceDirectory D:\Spring Framework\springcore\src\main\resources
2024-04-15 12:26:57,626 [Worker-35: Building] INFO  o.a.m.s.f.DefaultMavenResourcesFiltering - skip non existing resourceDirectory D:\Spring Framework\springcore\src\test\resources
2024-04-15 12:28:29,395 [Worker-26: Building] INFO  o.a.m.s.f.DefaultMavenResourcesFiltering - skip non existing resourceDirectory D:\Spring Framework\springcore\src\main\resources
2024-04-15 12:28:29,397 [Worker-26: Building] INFO  o.a.m.s.f.DefaultMavenResourcesFiltering - skip non existing resourceDirectory D:\Spring Framework\springcore\src\test\resources
2024-04-15 12:29:07,899 [Worker-33: Building] INFO  o.a.m.s.f.DefaultMavenResourcesFiltering - skip non existing resourceDirectory D:\Spring Framework\springcore\src\main\resources
2024-04-15 12:29:07,908 [Worker-33: Building] INFO  o.a.m.s.f.DefaultMavenResourcesFiltering - skip non existing resourceDirectory D:\Spring Framework\springcore\src\test\resources
2024-04-15 12:29:41,412 [Worker-30: Building] INFO  o.a.m.s.f.DefaultMavenResourcesFiltering - skip non existing resourceDirectory D:\Spring Framework\springcore\src\main\resources
2024-04-15 12:29:41,423 [Worker-30: Building] INFO  o.a.m.s.f.DefaultMavenResourcesFiltering - skip non existing resourceDirectory D:\Spring Framework\springcore\src\test\resources
2024-04-15 12:32:55,377 [Worker-33: Building] INFO  o.a.m.s.f.DefaultMavenResourcesFiltering - skip non existing resourceDirectory D:\Spring Framework\springcore\src\main\resources
2024-04-15 12:32:55,386 [Worker-33: Building] INFO  o.a.m.s.f.DefaultMavenResourcesFiltering - skip non existing resourceDirectory D:\Spring Framework\springcore\src\test\resources
2024-04-15 12:33:02,453 [Worker-26: Building] INFO  o.a.m.s.f.DefaultMavenResourcesFiltering - skip non existing resourceDirectory D:\Spring Framework\springcore\src\main\resources
2024-04-15 12:33:02,456 [Worker-26: Building] INFO  o.a.m.s.f.DefaultMavenResourcesFiltering - skip non existing resourceDirectory D:\Spring Framework\springcore\src\test\resources
2024-04-15 12:34:08,946 [Worker-33: Building] INFO  o.a.m.s.f.DefaultMavenResourcesFiltering - skip non existing resourceDirectory D:\Spring Framework\springcore\src\main\resources
2024-04-15 12:34:08,956 [Worker-33: Building] INFO  o.a.m.s.f.DefaultMavenResourcesFiltering - skip non existing resourceDirectory D:\Spring Framework\springcore\src\test\resources
2024-04-15 12:34:28,030 [Worker-30: Building] INFO  o.a.m.s.f.DefaultMavenResourcesFiltering - skip non existing resourceDirectory D:\Spring Framework\springcore\src\main\resources
2024-04-15 12:34:28,039 [Worker-30: Building] INFO  o.a.m.s.f.DefaultMavenResourcesFiltering - skip non existing resourceDirectory D:\Spring Framework\springcore\src\test\resources
2024-04-15 12:34:32,894 [Worker-32: Building] INFO  o.a.m.s.f.DefaultMavenResourcesFiltering - skip non existing resourceDirectory D:\Spring Framework\springcore\src\main\resources
2024-04-15 12:34:32,896 [Worker-32: Building] INFO  o.a.m.s.f.DefaultMavenResourcesFiltering - skip non existing resourceDirectory D:\Spring Framework\springcore\src\test\resources
2024-04-15 12:39:27,084 [Worker-33: Building] INFO  o.a.m.s.f.DefaultMavenResourcesFiltering - skip non existing resourceDirectory D:\Spring Framework\springcore\src\main\resources
2024-04-15 12:39:27,088 [Worker-33: Building] INFO  o.a.m.s.f.DefaultMavenResourcesFiltering - skip non existing resourceDirectory D:\Spring Framework\springcore\src\test\resources
2024-04-15 13:01:59,117 [Worker-40: Building] INFO  o.a.m.s.f.DefaultMavenResourcesFiltering - skip non existing resourceDirectory D:\Spring Framework\springcore\src\main\resources
2024-04-15 13:01:59,131 [Worker-40: Building] INFO  o.a.m.s.f.DefaultMavenResourcesFiltering - skip non existing resourceDirectory D:\Spring Framework\springcore\src\test\resources
2024-04-15 13:04:53,077 [Stop Help Server] INFO  org.eclipse.jetty.server.Server - Stopped oejs.Server@66d72c91{STOPPING}[12.0.6,sto=0]
2024-04-15 13:04:53,094 [Stop Help Server] INFO  o.e.jetty.server.AbstractConnector - Stopped ServerConnector@37b567f3{HTTP/1.1, (http/1.1)}{127.0.0.1:0}
